18-Aug-2022 12:18:00.537 INFO [main] org.apache.catalina.core.ApplicationContext.log ContextListener: contextInitialized()
18-Aug-2022 12:18:00.538 INFO [main] org.apache.catalina.core.ApplicationContext.log SessionListener: contextInitialized()
18-Aug-2022 12:18:00.540 INFO [main] org.apache.catalina.core.ApplicationContext.log ContextListener: attributeAdded('StockTicker', 'async.Stockticker@2bfc268b')
18-Aug-2022 12:24:11.216 INFO [main] org.apache.catalina.core.ApplicationContext.log SessionListener: contextDestroyed()
18-Aug-2022 12:24:11.216 INFO [main] org.apache.catalina.core.ApplicationContext.log ContextListener: contextDestroyed()
18-Aug-2022 12:24:38.317 INFO [main] org.apache.catalina.core.ApplicationContext.log ContextListener: contextInitialized()
18-Aug-2022 12:24:38.319 INFO [main] org.apache.catalina.core.ApplicationContext.log SessionListener: contextInitialized()
18-Aug-2022 12:24:38.321 INFO [main] org.apache.catalina.core.ApplicationContext.log ContextListener: attributeAdded('StockTicker', 'async.Stockticker@306f16f3')
18-Aug-2022 12:47:50.660 INFO [main] org.apache.catalina.core.ApplicationContext.log SessionListener: contextDestroyed()
18-Aug-2022 12:47:50.660 INFO [main] org.apache.catalina.core.ApplicationContext.log ContextListener: contextDestroyed()
18-Aug-2022 12:48:06.444 INFO [main] org.apache.catalina.core.ApplicationContext.log ContextListener: contextInitialized()
18-Aug-2022 12:48:06.445 INFO [main] org.apache.catalina.core.ApplicationContext.log SessionListener: contextInitialized()
18-Aug-2022 12:48:06.447 INFO [main] org.apache.catalina.core.ApplicationContext.log ContextListener: attributeAdded('StockTicker', 'async.Stockticker@306f16f3')
18-Aug-2022 12:53:46.833 INFO [main] org.apache.catalina.core.ApplicationContext.log SessionListener: contextDestroyed()
18-Aug-2022 12:53:46.833 INFO [main] org.apache.catalina.core.ApplicationContext.log ContextListener: contextDestroyed()
18-Aug-2022 12:54:05.082 INFO [main] org.apache.catalina.core.ApplicationContext.log ContextListener: contextInitialized()
18-Aug-2022 12:54:05.082 INFO [main] org.apache.catalina.core.ApplicationContext.log SessionListener: contextInitialized()
18-Aug-2022 12:54:05.083 INFO [main] org.apache.catalina.core.ApplicationContext.log ContextListener: attributeAdded('StockTicker', 'async.Stockticker@15bbf42f')
18-Aug-2022 12:55:47.032 INFO [main] org.apache.catalina.core.ApplicationContext.log SessionListener: contextDestroyed()
18-Aug-2022 12:55:47.032 INFO [main] org.apache.catalina.core.ApplicationContext.log ContextListener: contextDestroyed()
18-Aug-2022 12:56:01.423 INFO [main] org.apache.catalina.core.ApplicationContext.log ContextListener: contextInitialized()
18-Aug-2022 12:56:01.423 INFO [main] org.apache.catalina.core.ApplicationContext.log SessionListener: contextInitialized()
18-Aug-2022 12:56:01.424 INFO [main] org.apache.catalina.core.ApplicationContext.log ContextListener: attributeAdded('StockTicker', 'async.Stockticker@306f16f3')
18-Aug-2022 12:58:16.712 INFO [main] org.apache.catalina.core.ApplicationContext.log SessionListener: contextDestroyed()
18-Aug-2022 12:58:16.713 INFO [main] org.apache.catalina.core.ApplicationContext.log ContextListener: contextDestroyed()
18-Aug-2022 12:58:29.382 INFO [main] org.apache.catalina.core.ApplicationContext.log ContextListener: contextInitialized()
18-Aug-2022 12:58:29.383 INFO [main] org.apache.catalina.core.ApplicationContext.log SessionListener: contextInitialized()
18-Aug-2022 12:58:29.383 INFO [main] org.apache.catalina.core.ApplicationContext.log ContextListener: attributeAdded('StockTicker', 'async.Stockticker@306f16f3')
18-Aug-2022 13:09:47.355 INFO [main] org.apache.catalina.core.ApplicationContext.log SessionListener: contextDestroyed()
18-Aug-2022 13:09:47.356 INFO [main] org.apache.catalina.core.ApplicationContext.log ContextListener: contextDestroyed()
18-Aug-2022 13:10:02.271 INFO [main] org.apache.catalina.core.ApplicationContext.log ContextListener: contextInitialized()
18-Aug-2022 13:10:02.271 INFO [main] org.apache.catalina.core.ApplicationContext.log SessionListener: contextInitialized()
18-Aug-2022 13:10:02.272 INFO [main] org.apache.catalina.core.ApplicationContext.log ContextListener: attributeAdded('StockTicker', 'async.Stockticker@2accdbb5')
18-Aug-2022 13:11:24.080 INFO [main] org.apache.catalina.core.ApplicationContext.log SessionListener: contextDestroyed()
18-Aug-2022 13:11:24.080 INFO [main] org.apache.catalina.core.ApplicationContext.log ContextListener: contextDestroyed()
18-Aug-2022 13:11:35.694 INFO [main] org.apache.catalina.core.ApplicationContext.log ContextListener: contextInitialized()
18-Aug-2022 13:11:35.694 INFO [main] org.apache.catalina.core.ApplicationContext.log SessionListener: contextInitialized()
18-Aug-2022 13:11:35.695 INFO [main] org.apache.catalina.core.ApplicationContext.log ContextListener: attributeAdded('StockTicker', 'async.Stockticker@1613674b')
18-Aug-2022 13:12:17.755 INFO [main] org.apache.catalina.core.ApplicationContext.log SessionListener: contextDestroyed()
18-Aug-2022 13:12:17.755 INFO [main] org.apache.catalina.core.ApplicationContext.log ContextListener: contextDestroyed()
18-Aug-2022 13:12:33.473 INFO [main] org.apache.catalina.core.ApplicationContext.log ContextListener: contextInitialized()
18-Aug-2022 13:12:33.473 INFO [main] org.apache.catalina.core.ApplicationContext.log SessionListener: contextInitialized()
18-Aug-2022 13:12:33.473 INFO [main] org.apache.catalina.core.ApplicationContext.log ContextListener: attributeAdded('StockTicker', 'async.Stockticker@cad498c')
18-Aug-2022 13:13:12.025 INFO [main] org.apache.catalina.core.ApplicationContext.log SessionListener: contextDestroyed()
18-Aug-2022 13:13:12.025 INFO [main] org.apache.catalina.core.ApplicationContext.log ContextListener: contextDestroyed()
18-Aug-2022 13:13:26.486 INFO [main] org.apache.catalina.core.ApplicationContext.log ContextListener: contextInitialized()
18-Aug-2022 13:13:26.487 INFO [main] org.apache.catalina.core.ApplicationContext.log SessionListener: contextInitialized()
18-Aug-2022 13:13:26.487 INFO [main] org.apache.catalina.core.ApplicationContext.log ContextListener: attributeAdded('StockTicker', 'async.Stockticker@27ff5d15')
18-Aug-2022 13:14:52.781 INFO [main] org.apache.catalina.core.ApplicationContext.log SessionListener: contextDestroyed()
18-Aug-2022 13:14:52.781 INFO [main] org.apache.catalina.core.ApplicationContext.log ContextListener: contextDestroyed()
18-Aug-2022 13:15:04.968 INFO [main] org.apache.catalina.core.ApplicationContext.log ContextListener: contextInitialized()
18-Aug-2022 13:15:04.969 INFO [main] org.apache.catalina.core.ApplicationContext.log SessionListener: contextInitialized()
18-Aug-2022 13:15:04.972 INFO [main] org.apache.catalina.core.ApplicationContext.log ContextListener: attributeAdded('StockTicker', 'async.Stockticker@27ff5d15')
18-Aug-2022 13:18:06.015 INFO [main] org.apache.catalina.core.ApplicationContext.log SessionListener: contextDestroyed()
18-Aug-2022 13:18:06.015 INFO [main] org.apache.catalina.core.ApplicationContext.log ContextListener: contextDestroyed()
18-Aug-2022 13:18:56.725 INFO [main] org.apache.catalina.core.ApplicationContext.log ContextListener: contextInitialized()
18-Aug-2022 13:18:56.725 INFO [main] org.apache.catalina.core.ApplicationContext.log SessionListener: contextInitialized()
18-Aug-2022 13:18:56.726 INFO [main] org.apache.catalina.core.ApplicationContext.log ContextListener: attributeAdded('StockTicker', 'async.Stockticker@1613674b')
18-Aug-2022 13:45:07.550 INFO [main] org.apache.catalina.core.ApplicationContext.log ContextListener: contextInitialized()
18-Aug-2022 13:45:07.550 INFO [main] org.apache.catalina.core.ApplicationContext.log SessionListener: contextInitialized()
18-Aug-2022 13:45:07.551 INFO [main] org.apache.catalina.core.ApplicationContext.log ContextListener: attributeAdded('StockTicker', 'async.Stockticker@a3d8174')
18-Aug-2022 13:47:27.424 INFO [main] org.apache.catalina.core.ApplicationContext.log SessionListener: contextDestroyed()
18-Aug-2022 13:47:27.424 INFO [main] org.apache.catalina.core.ApplicationContext.log ContextListener: contextDestroyed()
