29-Aug-2022 06:48:29.819 INFO [main] org.apache.catalina.core.ApplicationContext.log ContextListener: contextInitialized()
29-Aug-2022 06:48:29.819 INFO [main] org.apache.catalina.core.ApplicationContext.log SessionListener: contextInitialized()
29-Aug-2022 06:48:29.820 INFO [main] org.apache.catalina.core.ApplicationContext.log ContextListener: attributeAdded('StockTicker', 'async.Stockticker@1e6454ec')
29-Aug-2022 06:50:33.361 INFO [main] org.apache.catalina.core.ApplicationContext.log SessionListener: contextDestroyed()
29-Aug-2022 06:50:33.361 INFO [main] org.apache.catalina.core.ApplicationContext.log ContextListener: contextDestroyed()
29-Aug-2022 06:50:35.835 INFO [main] org.apache.catalina.core.ApplicationContext.log ContextListener: contextInitialized()
29-Aug-2022 06:50:35.835 INFO [main] org.apache.catalina.core.ApplicationContext.log SessionListener: contextInitialized()
29-Aug-2022 06:50:35.837 INFO [main] org.apache.catalina.core.ApplicationContext.log ContextListener: attributeAdded('StockTicker', 'async.Stockticker@2f8dad04')
29-Aug-2022 06:51:49.106 INFO [main] org.apache.catalina.core.ApplicationContext.log SessionListener: contextDestroyed()
29-Aug-2022 06:51:49.106 INFO [main] org.apache.catalina.core.ApplicationContext.log ContextListener: contextDestroyed()
29-Aug-2022 06:51:50.923 INFO [main] org.apache.catalina.core.ApplicationContext.log ContextListener: contextInitialized()
29-Aug-2022 06:51:50.923 INFO [main] org.apache.catalina.core.ApplicationContext.log SessionListener: contextInitialized()
29-Aug-2022 06:51:50.924 INFO [main] org.apache.catalina.core.ApplicationContext.log ContextListener: attributeAdded('StockTicker', 'async.Stockticker@10163d6')
29-Aug-2022 06:53:11.549 INFO [main] org.apache.catalina.core.ApplicationContext.log SessionListener: contextDestroyed()
29-Aug-2022 06:53:11.549 INFO [main] org.apache.catalina.core.ApplicationContext.log ContextListener: contextDestroyed()
29-Aug-2022 06:53:13.279 INFO [main] org.apache.catalina.core.ApplicationContext.log ContextListener: contextInitialized()
29-Aug-2022 06:53:13.279 INFO [main] org.apache.catalina.core.ApplicationContext.log SessionListener: contextInitialized()
29-Aug-2022 06:53:13.280 INFO [main] org.apache.catalina.core.ApplicationContext.log ContextListener: attributeAdded('StockTicker', 'async.Stockticker@1ba9117e')
29-Aug-2022 06:53:59.169 INFO [main] org.apache.catalina.core.ApplicationContext.log SessionListener: contextDestroyed()
29-Aug-2022 06:53:59.169 INFO [main] org.apache.catalina.core.ApplicationContext.log ContextListener: contextDestroyed()
29-Aug-2022 06:54:00.571 INFO [main] org.apache.catalina.core.ApplicationContext.log ContextListener: contextInitialized()
29-Aug-2022 06:54:00.571 INFO [main] org.apache.catalina.core.ApplicationContext.log SessionListener: contextInitialized()
29-Aug-2022 06:54:00.572 INFO [main] org.apache.catalina.core.ApplicationContext.log ContextListener: attributeAdded('StockTicker', 'async.Stockticker@6a84a97d')
29-Aug-2022 06:54:43.656 INFO [main] org.apache.catalina.core.ApplicationContext.log SessionListener: contextDestroyed()
29-Aug-2022 06:54:43.656 INFO [main] org.apache.catalina.core.ApplicationContext.log ContextListener: contextDestroyed()
29-Aug-2022 06:54:44.913 INFO [main] org.apache.catalina.core.ApplicationContext.log ContextListener: contextInitialized()
29-Aug-2022 06:54:44.913 INFO [main] org.apache.catalina.core.ApplicationContext.log SessionListener: contextInitialized()
29-Aug-2022 06:54:44.913 INFO [main] org.apache.catalina.core.ApplicationContext.log ContextListener: attributeAdded('StockTicker', 'async.Stockticker@6a84a97d')
29-Aug-2022 06:56:13.635 INFO [main] org.apache.catalina.core.ApplicationContext.log SessionListener: contextDestroyed()
29-Aug-2022 06:56:13.635 INFO [main] org.apache.catalina.core.ApplicationContext.log ContextListener: contextDestroyed()
29-Aug-2022 06:56:14.975 INFO [main] org.apache.catalina.core.ApplicationContext.log ContextListener: contextInitialized()
29-Aug-2022 06:56:14.976 INFO [main] org.apache.catalina.core.ApplicationContext.log SessionListener: contextInitialized()
29-Aug-2022 06:56:14.976 INFO [main] org.apache.catalina.core.ApplicationContext.log ContextListener: attributeAdded('StockTicker', 'async.Stockticker@5f9b2141')
29-Aug-2022 06:57:11.277 INFO [main] org.apache.catalina.core.ApplicationContext.log SessionListener: contextDestroyed()
29-Aug-2022 06:57:11.277 INFO [main] org.apache.catalina.core.ApplicationContext.log ContextListener: contextDestroyed()
29-Aug-2022 06:57:12.663 INFO [main] org.apache.catalina.core.ApplicationContext.log ContextListener: contextInitialized()
29-Aug-2022 06:57:12.663 INFO [main] org.apache.catalina.core.ApplicationContext.log SessionListener: contextInitialized()
29-Aug-2022 06:57:12.663 INFO [main] org.apache.catalina.core.ApplicationContext.log ContextListener: attributeAdded('StockTicker', 'async.Stockticker@6a84a97d')
29-Aug-2022 06:59:41.313 INFO [main] org.apache.catalina.core.ApplicationContext.log SessionListener: contextDestroyed()
29-Aug-2022 06:59:41.313 INFO [main] org.apache.catalina.core.ApplicationContext.log ContextListener: contextDestroyed()
29-Aug-2022 06:59:42.707 INFO [main] org.apache.catalina.core.ApplicationContext.log ContextListener: contextInitialized()
29-Aug-2022 06:59:42.707 INFO [main] org.apache.catalina.core.ApplicationContext.log SessionListener: contextInitialized()
29-Aug-2022 06:59:42.708 INFO [main] org.apache.catalina.core.ApplicationContext.log ContextListener: attributeAdded('StockTicker', 'async.Stockticker@48974e45')
29-Aug-2022 07:00:44.836 INFO [main] org.apache.catalina.core.ApplicationContext.log SessionListener: contextDestroyed()
29-Aug-2022 07:00:44.837 INFO [main] org.apache.catalina.core.ApplicationContext.log ContextListener: contextDestroyed()
29-Aug-2022 07:00:48.251 INFO [main] org.apache.catalina.core.ApplicationContext.log ContextListener: contextInitialized()
29-Aug-2022 07:00:48.251 INFO [main] org.apache.catalina.core.ApplicationContext.log SessionListener: contextInitialized()
29-Aug-2022 07:00:48.252 INFO [main] org.apache.catalina.core.ApplicationContext.log ContextListener: attributeAdded('StockTicker', 'async.Stockticker@a3d8174')
29-Aug-2022 07:02:29.723 INFO [main] org.apache.catalina.core.ApplicationContext.log SessionListener: contextDestroyed()
29-Aug-2022 07:02:29.723 INFO [main] org.apache.catalina.core.ApplicationContext.log ContextListener: contextDestroyed()
29-Aug-2022 07:02:31.476 INFO [main] org.apache.catalina.core.ApplicationContext.log ContextListener: contextInitialized()
29-Aug-2022 07:02:31.476 INFO [main] org.apache.catalina.core.ApplicationContext.log SessionListener: contextInitialized()
29-Aug-2022 07:02:31.477 INFO [main] org.apache.catalina.core.ApplicationContext.log ContextListener: attributeAdded('StockTicker', 'async.Stockticker@1ba9117e')
29-Aug-2022 07:03:03.430 INFO [main] org.apache.catalina.core.ApplicationContext.log SessionListener: contextDestroyed()
29-Aug-2022 07:03:03.430 INFO [main] org.apache.catalina.core.ApplicationContext.log ContextListener: contextDestroyed()
29-Aug-2022 07:03:05.218 INFO [main] org.apache.catalina.core.ApplicationContext.log ContextListener: contextInitialized()
29-Aug-2022 07:03:05.218 INFO [main] org.apache.catalina.core.ApplicationContext.log SessionListener: contextInitialized()
29-Aug-2022 07:03:05.219 INFO [main] org.apache.catalina.core.ApplicationContext.log ContextListener: attributeAdded('StockTicker', 'async.Stockticker@2f8dad04')
29-Aug-2022 07:06:21.719 INFO [main] org.apache.catalina.core.ApplicationContext.log SessionListener: contextDestroyed()
29-Aug-2022 07:06:21.719 INFO [main] org.apache.catalina.core.ApplicationContext.log ContextListener: contextDestroyed()
29-Aug-2022 07:06:23.040 INFO [main] org.apache.catalina.core.ApplicationContext.log ContextListener: contextInitialized()
29-Aug-2022 07:06:23.040 INFO [main] org.apache.catalina.core.ApplicationContext.log SessionListener: contextInitialized()
29-Aug-2022 07:06:23.040 INFO [main] org.apache.catalina.core.ApplicationContext.log ContextListener: attributeAdded('StockTicker', 'async.Stockticker@10163d6')
29-Aug-2022 07:06:56.946 INFO [main] org.apache.catalina.core.ApplicationContext.log SessionListener: contextDestroyed()
29-Aug-2022 07:06:56.946 INFO [main] org.apache.catalina.core.ApplicationContext.log ContextListener: contextDestroyed()
29-Aug-2022 07:06:59.088 INFO [main] org.apache.catalina.core.ApplicationContext.log ContextListener: contextInitialized()
29-Aug-2022 07:06:59.088 INFO [main] org.apache.catalina.core.ApplicationContext.log SessionListener: contextInitialized()
29-Aug-2022 07:06:59.089 INFO [main] org.apache.catalina.core.ApplicationContext.log ContextListener: attributeAdded('StockTicker', 'async.Stockticker@6a84a97d')
29-Aug-2022 08:05:35.831 INFO [main] org.apache.catalina.core.ApplicationContext.log SessionListener: contextDestroyed()
29-Aug-2022 08:05:35.831 INFO [main] org.apache.catalina.core.ApplicationContext.log ContextListener: contextDestroyed()
29-Aug-2022 08:05:38.420 INFO [main] org.apache.catalina.core.ApplicationContext.log ContextListener: contextInitialized()
29-Aug-2022 08:05:38.420 INFO [main] org.apache.catalina.core.ApplicationContext.log SessionListener: contextInitialized()
29-Aug-2022 08:05:38.421 INFO [main] org.apache.catalina.core.ApplicationContext.log ContextListener: attributeAdded('StockTicker', 'async.Stockticker@a3d8174')
29-Aug-2022 08:23:58.771 INFO [main] org.apache.catalina.core.ApplicationContext.log SessionListener: contextDestroyed()
29-Aug-2022 08:23:58.771 INFO [main] org.apache.catalina.core.ApplicationContext.log ContextListener: contextDestroyed()
29-Aug-2022 08:24:01.148 INFO [main] org.apache.catalina.core.ApplicationContext.log ContextListener: contextInitialized()
29-Aug-2022 08:24:01.148 INFO [main] org.apache.catalina.core.ApplicationContext.log SessionListener: contextInitialized()
29-Aug-2022 08:24:01.148 INFO [main] org.apache.catalina.core.ApplicationContext.log ContextListener: attributeAdded('StockTicker', 'async.Stockticker@6a84a97d')
29-Aug-2022 08:30:59.090 INFO [main] org.apache.catalina.core.ApplicationContext.log SessionListener: contextDestroyed()
29-Aug-2022 08:30:59.090 INFO [main] org.apache.catalina.core.ApplicationContext.log ContextListener: contextDestroyed()
29-Aug-2022 08:31:06.549 INFO [main] org.apache.catalina.core.ApplicationContext.log ContextListener: contextInitialized()
29-Aug-2022 08:31:06.549 INFO [main] org.apache.catalina.core.ApplicationContext.log SessionListener: contextInitialized()
29-Aug-2022 08:31:06.549 INFO [main] org.apache.catalina.core.ApplicationContext.log ContextListener: attributeAdded('StockTicker', 'async.Stockticker@a3d8174')
29-Aug-2022 09:07:00.668 INFO [main] org.apache.catalina.core.ApplicationContext.log SessionListener: contextDestroyed()
29-Aug-2022 09:07:00.668 INFO [main] org.apache.catalina.core.ApplicationContext.log ContextListener: contextDestroyed()
