26-Aug-2022 06:43:15.756 INFO [main] org.apache.catalina.core.ApplicationContext.log ContextListener: contextInitialized()
26-Aug-2022 06:43:15.756 INFO [main] org.apache.catalina.core.ApplicationContext.log SessionListener: contextInitialized()
26-Aug-2022 06:43:15.756 INFO [main] org.apache.catalina.core.ApplicationContext.log ContextListener: attributeAdded('StockTicker', 'async.Stockticker@4e096385')
26-Aug-2022 06:46:25.788 INFO [main] org.apache.catalina.core.ApplicationContext.log SessionListener: contextDestroyed()
26-Aug-2022 06:46:25.788 INFO [main] org.apache.catalina.core.ApplicationContext.log ContextListener: contextDestroyed()
26-Aug-2022 07:10:14.090 INFO [main] org.apache.catalina.core.ApplicationContext.log ContextListener: contextInitialized()
26-Aug-2022 07:10:14.091 INFO [main] org.apache.catalina.core.ApplicationContext.log SessionListener: contextInitialized()
26-Aug-2022 07:10:14.091 INFO [main] org.apache.catalina.core.ApplicationContext.log ContextListener: attributeAdded('StockTicker', 'async.Stockticker@4e096385')
26-Aug-2022 07:11:40.613 INFO [main] org.apache.catalina.core.ApplicationContext.log SessionListener: contextDestroyed()
26-Aug-2022 07:11:40.613 INFO [main] org.apache.catalina.core.ApplicationContext.log ContextListener: contextDestroyed()
26-Aug-2022 07:11:42.349 INFO [main] org.apache.catalina.core.ApplicationContext.log ContextListener: contextInitialized()
26-Aug-2022 07:11:42.349 INFO [main] org.apache.catalina.core.ApplicationContext.log SessionListener: contextInitialized()
26-Aug-2022 07:11:42.351 INFO [main] org.apache.catalina.core.ApplicationContext.log ContextListener: attributeAdded('StockTicker', 'async.Stockticker@48974e45')
26-Aug-2022 07:15:59.185 INFO [main] org.apache.catalina.core.ApplicationContext.log SessionListener: contextDestroyed()
26-Aug-2022 07:15:59.186 INFO [main] org.apache.catalina.core.ApplicationContext.log ContextListener: contextDestroyed()
26-Aug-2022 07:16:00.782 INFO [main] org.apache.catalina.core.ApplicationContext.log ContextListener: contextInitialized()
26-Aug-2022 07:16:00.782 INFO [main] org.apache.catalina.core.ApplicationContext.log SessionListener: contextInitialized()
26-Aug-2022 07:16:00.783 INFO [main] org.apache.catalina.core.ApplicationContext.log ContextListener: attributeAdded('StockTicker', 'async.Stockticker@10163d6')
26-Aug-2022 07:22:54.740 INFO [main] org.apache.catalina.core.ApplicationContext.log SessionListener: contextDestroyed()
26-Aug-2022 07:22:54.740 INFO [main] org.apache.catalina.core.ApplicationContext.log ContextListener: contextDestroyed()
26-Aug-2022 07:22:56.515 INFO [main] org.apache.catalina.core.ApplicationContext.log ContextListener: contextInitialized()
26-Aug-2022 07:22:56.515 INFO [main] org.apache.catalina.core.ApplicationContext.log SessionListener: contextInitialized()
26-Aug-2022 07:22:56.515 INFO [main] org.apache.catalina.core.ApplicationContext.log ContextListener: attributeAdded('StockTicker', 'async.Stockticker@6631f5ca')
26-Aug-2022 07:25:20.995 INFO [main] org.apache.catalina.core.ApplicationContext.log SessionListener: contextDestroyed()
26-Aug-2022 07:25:20.995 INFO [main] org.apache.catalina.core.ApplicationContext.log ContextListener: contextDestroyed()
26-Aug-2022 07:25:22.352 INFO [main] org.apache.catalina.core.ApplicationContext.log ContextListener: contextInitialized()
26-Aug-2022 07:25:22.352 INFO [main] org.apache.catalina.core.ApplicationContext.log SessionListener: contextInitialized()
26-Aug-2022 07:25:22.354 INFO [main] org.apache.catalina.core.ApplicationContext.log ContextListener: attributeAdded('StockTicker', 'async.Stockticker@10163d6')
26-Aug-2022 07:25:58.401 INFO [main] org.apache.catalina.core.ApplicationContext.log SessionListener: contextDestroyed()
26-Aug-2022 07:25:58.401 INFO [main] org.apache.catalina.core.ApplicationContext.log ContextListener: contextDestroyed()
26-Aug-2022 07:25:59.550 INFO [main] org.apache.catalina.core.ApplicationContext.log ContextListener: contextInitialized()
26-Aug-2022 07:25:59.550 INFO [main] org.apache.catalina.core.ApplicationContext.log SessionListener: contextInitialized()
26-Aug-2022 07:25:59.550 INFO [main] org.apache.catalina.core.ApplicationContext.log ContextListener: attributeAdded('StockTicker', 'async.Stockticker@10163d6')
26-Aug-2022 07:26:39.298 INFO [main] org.apache.catalina.core.ApplicationContext.log SessionListener: contextDestroyed()
26-Aug-2022 07:26:39.298 INFO [main] org.apache.catalina.core.ApplicationContext.log ContextListener: contextDestroyed()
26-Aug-2022 07:26:40.671 INFO [main] org.apache.catalina.core.ApplicationContext.log ContextListener: contextInitialized()
26-Aug-2022 07:26:40.671 INFO [main] org.apache.catalina.core.ApplicationContext.log SessionListener: contextInitialized()
26-Aug-2022 07:26:40.672 INFO [main] org.apache.catalina.core.ApplicationContext.log ContextListener: attributeAdded('StockTicker', 'async.Stockticker@6a84a97d')
26-Aug-2022 07:27:36.987 INFO [main] org.apache.catalina.core.ApplicationContext.log SessionListener: contextDestroyed()
26-Aug-2022 07:27:36.987 INFO [main] org.apache.catalina.core.ApplicationContext.log ContextListener: contextDestroyed()
26-Aug-2022 07:27:38.492 INFO [main] org.apache.catalina.core.ApplicationContext.log ContextListener: contextInitialized()
26-Aug-2022 07:27:38.492 INFO [main] org.apache.catalina.core.ApplicationContext.log SessionListener: contextInitialized()
26-Aug-2022 07:27:38.493 INFO [main] org.apache.catalina.core.ApplicationContext.log ContextListener: attributeAdded('StockTicker', 'async.Stockticker@6a84a97d')
26-Aug-2022 07:32:12.227 INFO [main] org.apache.catalina.core.ApplicationContext.log SessionListener: contextDestroyed()
26-Aug-2022 07:32:12.227 INFO [main] org.apache.catalina.core.ApplicationContext.log ContextListener: contextDestroyed()
26-Aug-2022 07:32:13.762 INFO [main] org.apache.catalina.core.ApplicationContext.log ContextListener: contextInitialized()
26-Aug-2022 07:32:13.762 INFO [main] org.apache.catalina.core.ApplicationContext.log SessionListener: contextInitialized()
26-Aug-2022 07:32:13.762 INFO [main] org.apache.catalina.core.ApplicationContext.log ContextListener: attributeAdded('StockTicker', 'async.Stockticker@48974e45')
26-Aug-2022 07:37:26.441 INFO [main] org.apache.catalina.core.ApplicationContext.log SessionListener: contextDestroyed()
26-Aug-2022 07:37:26.441 INFO [main] org.apache.catalina.core.ApplicationContext.log ContextListener: contextDestroyed()
26-Aug-2022 07:37:27.667 INFO [main] org.apache.catalina.core.ApplicationContext.log ContextListener: contextInitialized()
26-Aug-2022 07:37:27.667 INFO [main] org.apache.catalina.core.ApplicationContext.log SessionListener: contextInitialized()
26-Aug-2022 07:37:27.667 INFO [main] org.apache.catalina.core.ApplicationContext.log ContextListener: attributeAdded('StockTicker', 'async.Stockticker@10163d6')
26-Aug-2022 07:38:12.954 INFO [main] org.apache.catalina.core.ApplicationContext.log SessionListener: contextDestroyed()
26-Aug-2022 07:38:12.954 INFO [main] org.apache.catalina.core.ApplicationContext.log ContextListener: contextDestroyed()
26-Aug-2022 07:38:14.735 INFO [main] org.apache.catalina.core.ApplicationContext.log ContextListener: contextInitialized()
26-Aug-2022 07:38:14.735 INFO [main] org.apache.catalina.core.ApplicationContext.log SessionListener: contextInitialized()
26-Aug-2022 07:38:14.736 INFO [main] org.apache.catalina.core.ApplicationContext.log ContextListener: attributeAdded('StockTicker', 'async.Stockticker@6a84a97d')
26-Aug-2022 07:39:13.927 INFO [main] org.apache.catalina.core.ApplicationContext.log SessionListener: contextDestroyed()
26-Aug-2022 07:39:13.927 INFO [main] org.apache.catalina.core.ApplicationContext.log ContextListener: contextDestroyed()
26-Aug-2022 07:39:15.877 INFO [main] org.apache.catalina.core.ApplicationContext.log ContextListener: contextInitialized()
26-Aug-2022 07:39:15.877 INFO [main] org.apache.catalina.core.ApplicationContext.log SessionListener: contextInitialized()
26-Aug-2022 07:39:15.877 INFO [main] org.apache.catalina.core.ApplicationContext.log ContextListener: attributeAdded('StockTicker', 'async.Stockticker@48974e45')
26-Aug-2022 07:42:42.403 INFO [main] org.apache.catalina.core.ApplicationContext.log SessionListener: contextDestroyed()
26-Aug-2022 07:42:42.403 INFO [main] org.apache.catalina.core.ApplicationContext.log ContextListener: contextDestroyed()
26-Aug-2022 07:42:44.555 INFO [main] org.apache.catalina.core.ApplicationContext.log ContextListener: contextInitialized()
26-Aug-2022 07:42:44.555 INFO [main] org.apache.catalina.core.ApplicationContext.log SessionListener: contextInitialized()
26-Aug-2022 07:42:44.555 INFO [main] org.apache.catalina.core.ApplicationContext.log ContextListener: attributeAdded('StockTicker', 'async.Stockticker@247d8ae')
26-Aug-2022 07:45:50.700 INFO [main] org.apache.catalina.core.ApplicationContext.log SessionListener: contextDestroyed()
26-Aug-2022 07:45:50.700 INFO [main] org.apache.catalina.core.ApplicationContext.log ContextListener: contextDestroyed()
26-Aug-2022 07:45:52.471 INFO [main] org.apache.catalina.core.ApplicationContext.log ContextListener: contextInitialized()
26-Aug-2022 07:45:52.471 INFO [main] org.apache.catalina.core.ApplicationContext.log SessionListener: contextInitialized()
26-Aug-2022 07:45:52.472 INFO [main] org.apache.catalina.core.ApplicationContext.log ContextListener: attributeAdded('StockTicker', 'async.Stockticker@6a84a97d')
26-Aug-2022 07:47:02.714 INFO [main] org.apache.catalina.core.ApplicationContext.log SessionListener: contextDestroyed()
26-Aug-2022 07:47:02.714 INFO [main] org.apache.catalina.core.ApplicationContext.log ContextListener: contextDestroyed()
26-Aug-2022 07:47:04.332 INFO [main] org.apache.catalina.core.ApplicationContext.log ContextListener: contextInitialized()
26-Aug-2022 07:47:04.333 INFO [main] org.apache.catalina.core.ApplicationContext.log SessionListener: contextInitialized()
26-Aug-2022 07:47:04.333 INFO [main] org.apache.catalina.core.ApplicationContext.log ContextListener: attributeAdded('StockTicker', 'async.Stockticker@44821a96')
26-Aug-2022 07:48:58.095 INFO [main] org.apache.catalina.core.ApplicationContext.log SessionListener: contextDestroyed()
26-Aug-2022 07:48:58.095 INFO [main] org.apache.catalina.core.ApplicationContext.log ContextListener: contextDestroyed()
26-Aug-2022 07:48:59.314 INFO [main] org.apache.catalina.core.ApplicationContext.log ContextListener: contextInitialized()
26-Aug-2022 07:48:59.314 INFO [main] org.apache.catalina.core.ApplicationContext.log SessionListener: contextInitialized()
26-Aug-2022 07:48:59.315 INFO [main] org.apache.catalina.core.ApplicationContext.log ContextListener: attributeAdded('StockTicker', 'async.Stockticker@6a84a97d')
26-Aug-2022 07:50:14.272 INFO [main] org.apache.catalina.core.ApplicationContext.log SessionListener: contextDestroyed()
26-Aug-2022 07:50:14.272 INFO [main] org.apache.catalina.core.ApplicationContext.log ContextListener: contextDestroyed()
26-Aug-2022 07:50:15.662 INFO [main] org.apache.catalina.core.ApplicationContext.log ContextListener: contextInitialized()
26-Aug-2022 07:50:15.662 INFO [main] org.apache.catalina.core.ApplicationContext.log SessionListener: contextInitialized()
26-Aug-2022 07:50:15.663 INFO [main] org.apache.catalina.core.ApplicationContext.log ContextListener: attributeAdded('StockTicker', 'async.Stockticker@6a84a97d')
26-Aug-2022 07:54:49.212 INFO [main] org.apache.catalina.core.ApplicationContext.log SessionListener: contextDestroyed()
26-Aug-2022 07:54:49.212 INFO [main] org.apache.catalina.core.ApplicationContext.log ContextListener: contextDestroyed()
26-Aug-2022 07:54:50.562 INFO [main] org.apache.catalina.core.ApplicationContext.log ContextListener: contextInitialized()
26-Aug-2022 07:54:50.562 INFO [main] org.apache.catalina.core.ApplicationContext.log SessionListener: contextInitialized()
26-Aug-2022 07:54:50.563 INFO [main] org.apache.catalina.core.ApplicationContext.log ContextListener: attributeAdded('StockTicker', 'async.Stockticker@6a84a97d')
26-Aug-2022 08:07:53.827 INFO [main] org.apache.catalina.core.ApplicationContext.log SessionListener: contextDestroyed()
26-Aug-2022 08:07:53.827 INFO [main] org.apache.catalina.core.ApplicationContext.log ContextListener: contextDestroyed()
26-Aug-2022 08:07:56.035 INFO [main] org.apache.catalina.core.ApplicationContext.log ContextListener: contextInitialized()
26-Aug-2022 08:07:56.035 INFO [main] org.apache.catalina.core.ApplicationContext.log SessionListener: contextInitialized()
26-Aug-2022 08:07:56.036 INFO [main] org.apache.catalina.core.ApplicationContext.log ContextListener: attributeAdded('StockTicker', 'async.Stockticker@6a84a97d')
26-Aug-2022 08:13:26.380 INFO [main] org.apache.catalina.core.ApplicationContext.log SessionListener: contextDestroyed()
26-Aug-2022 08:13:26.380 INFO [main] org.apache.catalina.core.ApplicationContext.log ContextListener: contextDestroyed()
26-Aug-2022 08:13:28.624 INFO [main] org.apache.catalina.core.ApplicationContext.log ContextListener: contextInitialized()
26-Aug-2022 08:13:28.624 INFO [main] org.apache.catalina.core.ApplicationContext.log SessionListener: contextInitialized()
26-Aug-2022 08:13:28.625 INFO [main] org.apache.catalina.core.ApplicationContext.log ContextListener: attributeAdded('StockTicker', 'async.Stockticker@a3d8174')
26-Aug-2022 08:14:41.665 INFO [main] org.apache.catalina.core.ApplicationContext.log SessionListener: contextDestroyed()
26-Aug-2022 08:14:41.665 INFO [main] org.apache.catalina.core.ApplicationContext.log ContextListener: contextDestroyed()
26-Aug-2022 08:14:43.186 INFO [main] org.apache.catalina.core.ApplicationContext.log ContextListener: contextInitialized()
26-Aug-2022 08:14:43.186 INFO [main] org.apache.catalina.core.ApplicationContext.log SessionListener: contextInitialized()
26-Aug-2022 08:14:43.186 INFO [main] org.apache.catalina.core.ApplicationContext.log ContextListener: attributeAdded('StockTicker', 'async.Stockticker@6a84a97d')
26-Aug-2022 08:14:46.686 SEVERE [http-nio-8080-exec-1] org.apache.catalina.core.StandardWrapperValve.invoke Servlet.service() for servlet [jsp] in context with path [/sample] threw exception [An exception occurred processing [/rhptest.jsp] at line [140]

137:  		String three_item = threes_arr[i]; // includes fours as well. something like this XYZ0(blablabla(subbla,subbla,)
138:  		String[] three_item_arr = three_item.split("[\\(]");
139:  		out.println("<p>");
140:  		out.println("kerim " + i + " " + three_item_arr[0]);
141:  		out.println("<p>");
142: // 		String[] fourfile_arr = four_item.split("[_]");
143: 


Stacktrace:] with root cause
	java.lang.ArrayIndexOutOfBoundsException: 0
		at org.apache.jsp.rhptest_jsp._jspService(rhptest_jsp.java:256)
		at org.apache.jasper.runtime.HttpJspBase.service(HttpJspBase.java:70)
		at javax.servlet.http.HttpServlet.service(HttpServlet.java:764)
		at org.apache.jasper.servlet.JspServletWrapper.service(JspServletWrapper.java:466)
		at org.apache.jasper.servlet.JspServlet.serviceJspFile(JspServlet.java:379)
		at org.apache.jasper.servlet.JspServlet.service(JspServlet.java:327)
		at javax.servlet.http.HttpServlet.service(HttpServlet.java:764)
		at org.apache.catalina.core.ApplicationFilterChain.internalDoFilter(ApplicationFilterChain.java:227)
		at org.apache.catalina.core.ApplicationFilterChain.doFilter(ApplicationFilterChain.java:162)
		at org.apache.tomcat.websocket.server.WsFilter.doFilter(WsFilter.java:53)
		at org.apache.catalina.core.ApplicationFilterChain.internalDoFilter(ApplicationFilterChain.java:189)
		at org.apache.catalina.core.ApplicationFilterChain.doFilter(ApplicationFilterChain.java:162)
		at org.apache.catalina.core.StandardWrapperValve.invoke(StandardWrapperValve.java:197)
		at org.apache.catalina.core.StandardContextValve.invoke(StandardContextValve.java:97)
		at org.apache.catalina.authenticator.AuthenticatorBase.invoke(AuthenticatorBase.java:541)
		at org.apache.catalina.core.StandardHostValve.invoke(StandardHostValve.java:135)
		at org.apache.catalina.valves.ErrorReportValve.invoke(ErrorReportValve.java:92)
		at org.apache.catalina.valves.AbstractAccessLogValve.invoke(AbstractAccessLogValve.java:687)
		at org.apache.catalina.core.StandardEngineValve.invoke(StandardEngineValve.java:78)
		at org.apache.catalina.connector.CoyoteAdapter.service(CoyoteAdapter.java:360)
		at org.apache.coyote.http11.Http11Processor.service(Http11Processor.java:399)
		at org.apache.coyote.AbstractProcessorLight.process(AbstractProcessorLight.java:65)
		at org.apache.coyote.AbstractProtocol$ConnectionHandler.process(AbstractProtocol.java:890)
		at org.apache.tomcat.util.net.NioEndpoint$SocketProcessor.doRun(NioEndpoint.java:1789)
		at org.apache.tomcat.util.net.SocketProcessorBase.run(SocketProcessorBase.java:49)
		at org.apache.tomcat.util.threads.ThreadPoolExecutor.runWorker(ThreadPoolExecutor.java:1191)
		at org.apache.tomcat.util.threads.ThreadPoolExecutor$Worker.run(ThreadPoolExecutor.java:659)
		at org.apache.tomcat.util.threads.TaskThread$WrappingRunnable.run(TaskThread.java:61)
		at java.lang.Thread.run(Thread.java:750)
26-Aug-2022 08:15:53.556 INFO [main] org.apache.catalina.core.ApplicationContext.log SessionListener: contextDestroyed()
26-Aug-2022 08:15:53.556 INFO [main] org.apache.catalina.core.ApplicationContext.log ContextListener: contextDestroyed()
26-Aug-2022 08:15:55.014 INFO [main] org.apache.catalina.core.ApplicationContext.log ContextListener: contextInitialized()
26-Aug-2022 08:15:55.015 INFO [main] org.apache.catalina.core.ApplicationContext.log SessionListener: contextInitialized()
26-Aug-2022 08:15:55.015 INFO [main] org.apache.catalina.core.ApplicationContext.log ContextListener: attributeAdded('StockTicker', 'async.Stockticker@1ba9117e')
26-Aug-2022 08:15:57.304 SEVERE [http-nio-8080-exec-1] org.apache.catalina.core.StandardWrapperValve.invoke Servlet.service() for servlet [jsp] in context with path [/sample] threw exception [An exception occurred processing [/rhptest.jsp] at line [140]

137:  		String three_item = threes_arr[i]; // includes fours as well. something like this XYZ0(blablabla(subbla,subbla,)
138:  		String[] three_item_arr = three_item.split("\\(");
139:  		out.println("<p>");
140:  		out.println("kerim " + i + " " + three_item_arr[0]);
141:  		out.println("<p>");
142: // 		String[] fourfile_arr = four_item.split("[_]");
143: 


Stacktrace:] with root cause
	java.lang.ArrayIndexOutOfBoundsException: 0
		at org.apache.jsp.rhptest_jsp._jspService(rhptest_jsp.java:256)
		at org.apache.jasper.runtime.HttpJspBase.service(HttpJspBase.java:70)
		at javax.servlet.http.HttpServlet.service(HttpServlet.java:764)
		at org.apache.jasper.servlet.JspServletWrapper.service(JspServletWrapper.java:466)
		at org.apache.jasper.servlet.JspServlet.serviceJspFile(JspServlet.java:379)
		at org.apache.jasper.servlet.JspServlet.service(JspServlet.java:327)
		at javax.servlet.http.HttpServlet.service(HttpServlet.java:764)
		at org.apache.catalina.core.ApplicationFilterChain.internalDoFilter(ApplicationFilterChain.java:227)
		at org.apache.catalina.core.ApplicationFilterChain.doFilter(ApplicationFilterChain.java:162)
		at org.apache.tomcat.websocket.server.WsFilter.doFilter(WsFilter.java:53)
		at org.apache.catalina.core.ApplicationFilterChain.internalDoFilter(ApplicationFilterChain.java:189)
		at org.apache.catalina.core.ApplicationFilterChain.doFilter(ApplicationFilterChain.java:162)
		at org.apache.catalina.core.StandardWrapperValve.invoke(StandardWrapperValve.java:197)
		at org.apache.catalina.core.StandardContextValve.invoke(StandardContextValve.java:97)
		at org.apache.catalina.authenticator.AuthenticatorBase.invoke(AuthenticatorBase.java:541)
		at org.apache.catalina.core.StandardHostValve.invoke(StandardHostValve.java:135)
		at org.apache.catalina.valves.ErrorReportValve.invoke(ErrorReportValve.java:92)
		at org.apache.catalina.valves.AbstractAccessLogValve.invoke(AbstractAccessLogValve.java:687)
		at org.apache.catalina.core.StandardEngineValve.invoke(StandardEngineValve.java:78)
		at org.apache.catalina.connector.CoyoteAdapter.service(CoyoteAdapter.java:360)
		at org.apache.coyote.http11.Http11Processor.service(Http11Processor.java:399)
		at org.apache.coyote.AbstractProcessorLight.process(AbstractProcessorLight.java:65)
		at org.apache.coyote.AbstractProtocol$ConnectionHandler.process(AbstractProtocol.java:890)
		at org.apache.tomcat.util.net.NioEndpoint$SocketProcessor.doRun(NioEndpoint.java:1789)
		at org.apache.tomcat.util.net.SocketProcessorBase.run(SocketProcessorBase.java:49)
		at org.apache.tomcat.util.threads.ThreadPoolExecutor.runWorker(ThreadPoolExecutor.java:1191)
		at org.apache.tomcat.util.threads.ThreadPoolExecutor$Worker.run(ThreadPoolExecutor.java:659)
		at org.apache.tomcat.util.threads.TaskThread$WrappingRunnable.run(TaskThread.java:61)
		at java.lang.Thread.run(Thread.java:750)
26-Aug-2022 08:16:41.243 INFO [main] org.apache.catalina.core.ApplicationContext.log SessionListener: contextDestroyed()
26-Aug-2022 08:16:41.243 INFO [main] org.apache.catalina.core.ApplicationContext.log ContextListener: contextDestroyed()
26-Aug-2022 08:16:42.581 INFO [main] org.apache.catalina.core.ApplicationContext.log ContextListener: contextInitialized()
26-Aug-2022 08:16:42.581 INFO [main] org.apache.catalina.core.ApplicationContext.log SessionListener: contextInitialized()
26-Aug-2022 08:16:42.581 INFO [main] org.apache.catalina.core.ApplicationContext.log ContextListener: attributeAdded('StockTicker', 'async.Stockticker@6a84a97d')
26-Aug-2022 08:17:23.984 INFO [main] org.apache.catalina.core.ApplicationContext.log SessionListener: contextDestroyed()
26-Aug-2022 08:17:23.984 INFO [main] org.apache.catalina.core.ApplicationContext.log ContextListener: contextDestroyed()
26-Aug-2022 08:17:26.248 INFO [main] org.apache.catalina.core.ApplicationContext.log ContextListener: contextInitialized()
26-Aug-2022 08:17:26.248 INFO [main] org.apache.catalina.core.ApplicationContext.log SessionListener: contextInitialized()
26-Aug-2022 08:17:26.249 INFO [main] org.apache.catalina.core.ApplicationContext.log ContextListener: attributeAdded('StockTicker', 'async.Stockticker@1ba9117e')
26-Aug-2022 08:18:24.232 INFO [main] org.apache.catalina.core.ApplicationContext.log SessionListener: contextDestroyed()
26-Aug-2022 08:18:24.233 INFO [main] org.apache.catalina.core.ApplicationContext.log ContextListener: contextDestroyed()
26-Aug-2022 08:18:25.548 INFO [main] org.apache.catalina.core.ApplicationContext.log ContextListener: contextInitialized()
26-Aug-2022 08:18:25.548 INFO [main] org.apache.catalina.core.ApplicationContext.log SessionListener: contextInitialized()
26-Aug-2022 08:18:25.548 INFO [main] org.apache.catalina.core.ApplicationContext.log ContextListener: attributeAdded('StockTicker', 'async.Stockticker@6a84a97d')
26-Aug-2022 08:19:13.882 INFO [main] org.apache.catalina.core.ApplicationContext.log SessionListener: contextDestroyed()
26-Aug-2022 08:19:13.882 INFO [main] org.apache.catalina.core.ApplicationContext.log ContextListener: contextDestroyed()
26-Aug-2022 08:19:15.385 INFO [main] org.apache.catalina.core.ApplicationContext.log ContextListener: contextInitialized()
26-Aug-2022 08:19:15.385 INFO [main] org.apache.catalina.core.ApplicationContext.log SessionListener: contextInitialized()
26-Aug-2022 08:19:15.385 INFO [main] org.apache.catalina.core.ApplicationContext.log ContextListener: attributeAdded('StockTicker', 'async.Stockticker@10163d6')
26-Aug-2022 08:27:47.759 INFO [main] org.apache.catalina.core.ApplicationContext.log SessionListener: contextDestroyed()
26-Aug-2022 08:27:47.762 INFO [main] org.apache.catalina.core.ApplicationContext.log ContextListener: contextDestroyed()
26-Aug-2022 08:27:49.210 INFO [main] org.apache.catalina.core.ApplicationContext.log ContextListener: contextInitialized()
26-Aug-2022 08:27:49.210 INFO [main] org.apache.catalina.core.ApplicationContext.log SessionListener: contextInitialized()
26-Aug-2022 08:27:49.211 INFO [main] org.apache.catalina.core.ApplicationContext.log ContextListener: attributeAdded('StockTicker', 'async.Stockticker@247d8ae')
26-Aug-2022 08:33:59.694 INFO [main] org.apache.catalina.core.ApplicationContext.log SessionListener: contextDestroyed()
26-Aug-2022 08:33:59.694 INFO [main] org.apache.catalina.core.ApplicationContext.log ContextListener: contextDestroyed()
26-Aug-2022 08:34:01.509 INFO [main] org.apache.catalina.core.ApplicationContext.log ContextListener: contextInitialized()
26-Aug-2022 08:34:01.509 INFO [main] org.apache.catalina.core.ApplicationContext.log SessionListener: contextInitialized()
26-Aug-2022 08:34:01.510 INFO [main] org.apache.catalina.core.ApplicationContext.log ContextListener: attributeAdded('StockTicker', 'async.Stockticker@1ba9117e')
26-Aug-2022 08:36:26.159 INFO [main] org.apache.catalina.core.ApplicationContext.log SessionListener: contextDestroyed()
26-Aug-2022 08:36:26.159 INFO [main] org.apache.catalina.core.ApplicationContext.log ContextListener: contextDestroyed()
26-Aug-2022 08:36:27.444 INFO [main] org.apache.catalina.core.ApplicationContext.log ContextListener: contextInitialized()
26-Aug-2022 08:36:27.444 INFO [main] org.apache.catalina.core.ApplicationContext.log SessionListener: contextInitialized()
26-Aug-2022 08:36:27.445 INFO [main] org.apache.catalina.core.ApplicationContext.log ContextListener: attributeAdded('StockTicker', 'async.Stockticker@6a84a97d')
26-Aug-2022 08:38:45.830 INFO [main] org.apache.catalina.core.ApplicationContext.log SessionListener: contextDestroyed()
26-Aug-2022 08:38:45.830 INFO [main] org.apache.catalina.core.ApplicationContext.log ContextListener: contextDestroyed()
26-Aug-2022 08:38:47.192 INFO [main] org.apache.catalina.core.ApplicationContext.log ContextListener: contextInitialized()
26-Aug-2022 08:38:47.193 INFO [main] org.apache.catalina.core.ApplicationContext.log SessionListener: contextInitialized()
26-Aug-2022 08:38:47.193 INFO [main] org.apache.catalina.core.ApplicationContext.log ContextListener: attributeAdded('StockTicker', 'async.Stockticker@49912c99')
26-Aug-2022 13:24:33.426 INFO [main] org.apache.catalina.core.ApplicationContext.log SessionListener: contextDestroyed()
26-Aug-2022 13:24:33.426 INFO [main] org.apache.catalina.core.ApplicationContext.log ContextListener: contextDestroyed()
26-Aug-2022 13:24:35.021 INFO [main] org.apache.catalina.core.ApplicationContext.log ContextListener: contextInitialized()
26-Aug-2022 13:24:35.021 INFO [main] org.apache.catalina.core.ApplicationContext.log SessionListener: contextInitialized()
26-Aug-2022 13:24:35.022 INFO [main] org.apache.catalina.core.ApplicationContext.log ContextListener: attributeAdded('StockTicker', 'async.Stockticker@649bec2e')
26-Aug-2022 13:25:10.318 INFO [main] org.apache.catalina.core.ApplicationContext.log SessionListener: contextDestroyed()
26-Aug-2022 13:25:10.318 INFO [main] org.apache.catalina.core.ApplicationContext.log ContextListener: contextDestroyed()
26-Aug-2022 13:25:11.768 INFO [main] org.apache.catalina.core.ApplicationContext.log ContextListener: contextInitialized()
26-Aug-2022 13:25:11.768 INFO [main] org.apache.catalina.core.ApplicationContext.log SessionListener: contextInitialized()
26-Aug-2022 13:25:11.769 INFO [main] org.apache.catalina.core.ApplicationContext.log ContextListener: attributeAdded('StockTicker', 'async.Stockticker@2f8dad04')
26-Aug-2022 13:27:44.028 INFO [main] org.apache.catalina.core.ApplicationContext.log SessionListener: contextDestroyed()
26-Aug-2022 13:27:44.028 INFO [main] org.apache.catalina.core.ApplicationContext.log ContextListener: contextDestroyed()
26-Aug-2022 13:27:45.476 INFO [main] org.apache.catalina.core.ApplicationContext.log ContextListener: contextInitialized()
26-Aug-2022 13:27:45.476 INFO [main] org.apache.catalina.core.ApplicationContext.log SessionListener: contextInitialized()
26-Aug-2022 13:27:45.476 INFO [main] org.apache.catalina.core.ApplicationContext.log ContextListener: attributeAdded('StockTicker', 'async.Stockticker@6a84a97d')
26-Aug-2022 13:28:35.838 INFO [main] org.apache.catalina.core.ApplicationContext.log SessionListener: contextDestroyed()
26-Aug-2022 13:28:35.838 INFO [main] org.apache.catalina.core.ApplicationContext.log ContextListener: contextDestroyed()
26-Aug-2022 13:28:37.180 INFO [main] org.apache.catalina.core.ApplicationContext.log ContextListener: contextInitialized()
26-Aug-2022 13:28:37.180 INFO [main] org.apache.catalina.core.ApplicationContext.log SessionListener: contextInitialized()
26-Aug-2022 13:28:37.181 INFO [main] org.apache.catalina.core.ApplicationContext.log ContextListener: attributeAdded('StockTicker', 'async.Stockticker@2f8dad04')
26-Aug-2022 13:45:02.172 INFO [main] org.apache.catalina.core.ApplicationContext.log SessionListener: contextDestroyed()
26-Aug-2022 13:45:02.172 INFO [main] org.apache.catalina.core.ApplicationContext.log ContextListener: contextDestroyed()
26-Aug-2022 13:45:03.319 INFO [main] org.apache.catalina.core.ApplicationContext.log ContextListener: contextInitialized()
26-Aug-2022 13:45:03.319 INFO [main] org.apache.catalina.core.ApplicationContext.log SessionListener: contextInitialized()
26-Aug-2022 13:45:03.320 INFO [main] org.apache.catalina.core.ApplicationContext.log ContextListener: attributeAdded('StockTicker', 'async.Stockticker@48974e45')
26-Aug-2022 13:46:41.848 INFO [main] org.apache.catalina.core.ApplicationContext.log SessionListener: contextDestroyed()
26-Aug-2022 13:46:41.848 INFO [main] org.apache.catalina.core.ApplicationContext.log ContextListener: contextDestroyed()
26-Aug-2022 13:46:43.355 INFO [main] org.apache.catalina.core.ApplicationContext.log ContextListener: contextInitialized()
26-Aug-2022 13:46:43.356 INFO [main] org.apache.catalina.core.ApplicationContext.log SessionListener: contextInitialized()
26-Aug-2022 13:46:43.356 INFO [main] org.apache.catalina.core.ApplicationContext.log ContextListener: attributeAdded('StockTicker', 'async.Stockticker@10163d6')
26-Aug-2022 13:46:46.093 SEVERE [http-nio-8080-exec-1] org.apache.catalina.core.StandardWrapperValve.invoke Servlet.service() for servlet [jsp] in context with path [/sample] threw exception [An exception occurred processing [/rhptest.jsp] at line [206]

203: 	String[] one_arr = ones.split("_one_");
204: 	
205: 	for (int i=0 ; i<one_arr.length; i++) {
206: 		String[] level_one_arr = one_arr[i].split("((((");
207: 		
208: 		out.println("- " + level_one_arr[0]); 
209: 		


Stacktrace:] with root cause
	java.util.regex.PatternSyntaxException: Unclosed group near index 4
((((
		at java.util.regex.Pattern.error(Pattern.java:1969)
		at java.util.regex.Pattern.accept(Pattern.java:1819)
		at java.util.regex.Pattern.group0(Pattern.java:2922)
		at java.util.regex.Pattern.sequence(Pattern.java:2065)
		at java.util.regex.Pattern.expr(Pattern.java:2010)
		at java.util.regex.Pattern.group0(Pattern.java:2919)
		at java.util.regex.Pattern.sequence(Pattern.java:2065)
		at java.util.regex.Pattern.expr(Pattern.java:2010)
		at java.util.regex.Pattern.group0(Pattern.java:2919)
		at java.util.regex.Pattern.sequence(Pattern.java:2065)
		at java.util.regex.Pattern.expr(Pattern.java:2010)
		at java.util.regex.Pattern.group0(Pattern.java:2919)
		at java.util.regex.Pattern.sequence(Pattern.java:2065)
		at java.util.regex.Pattern.expr(Pattern.java:2010)
		at java.util.regex.Pattern.compile(Pattern.java:1702)
		at java.util.regex.Pattern.<init>(Pattern.java:1352)
		at java.util.regex.Pattern.compile(Pattern.java:1028)
		at java.lang.String.split(String.java:2380)
		at java.lang.String.split(String.java:2422)
		at org.apache.jsp.rhptest_jsp._jspService(rhptest_jsp.java:322)
		at org.apache.jasper.runtime.HttpJspBase.service(HttpJspBase.java:70)
		at javax.servlet.http.HttpServlet.service(HttpServlet.java:764)
		at org.apache.jasper.servlet.JspServletWrapper.service(JspServletWrapper.java:466)
		at org.apache.jasper.servlet.JspServlet.serviceJspFile(JspServlet.java:379)
		at org.apache.jasper.servlet.JspServlet.service(JspServlet.java:327)
		at javax.servlet.http.HttpServlet.service(HttpServlet.java:764)
		at org.apache.catalina.core.ApplicationFilterChain.internalDoFilter(ApplicationFilterChain.java:227)
		at org.apache.catalina.core.ApplicationFilterChain.doFilter(ApplicationFilterChain.java:162)
		at org.apache.tomcat.websocket.server.WsFilter.doFilter(WsFilter.java:53)
		at org.apache.catalina.core.ApplicationFilterChain.internalDoFilter(ApplicationFilterChain.java:189)
		at org.apache.catalina.core.ApplicationFilterChain.doFilter(ApplicationFilterChain.java:162)
		at org.apache.catalina.core.StandardWrapperValve.invoke(StandardWrapperValve.java:197)
		at org.apache.catalina.core.StandardContextValve.invoke(StandardContextValve.java:97)
		at org.apache.catalina.authenticator.AuthenticatorBase.invoke(AuthenticatorBase.java:541)
		at org.apache.catalina.core.StandardHostValve.invoke(StandardHostValve.java:135)
		at org.apache.catalina.valves.ErrorReportValve.invoke(ErrorReportValve.java:92)
		at org.apache.catalina.valves.AbstractAccessLogValve.invoke(AbstractAccessLogValve.java:687)
		at org.apache.catalina.core.StandardEngineValve.invoke(StandardEngineValve.java:78)
		at org.apache.catalina.connector.CoyoteAdapter.service(CoyoteAdapter.java:360)
		at org.apache.coyote.http11.Http11Processor.service(Http11Processor.java:399)
		at org.apache.coyote.AbstractProcessorLight.process(AbstractProcessorLight.java:65)
		at org.apache.coyote.AbstractProtocol$ConnectionHandler.process(AbstractProtocol.java:890)
		at org.apache.tomcat.util.net.NioEndpoint$SocketProcessor.doRun(NioEndpoint.java:1789)
		at org.apache.tomcat.util.net.SocketProcessorBase.run(SocketProcessorBase.java:49)
		at org.apache.tomcat.util.threads.ThreadPoolExecutor.runWorker(ThreadPoolExecutor.java:1191)
		at org.apache.tomcat.util.threads.ThreadPoolExecutor$Worker.run(ThreadPoolExecutor.java:659)
		at org.apache.tomcat.util.threads.TaskThread$WrappingRunnable.run(TaskThread.java:61)
		at java.lang.Thread.run(Thread.java:750)
26-Aug-2022 13:47:33.692 INFO [main] org.apache.catalina.core.ApplicationContext.log SessionListener: contextDestroyed()
26-Aug-2022 13:47:33.693 INFO [main] org.apache.catalina.core.ApplicationContext.log ContextListener: contextDestroyed()
26-Aug-2022 13:47:34.980 INFO [main] org.apache.catalina.core.ApplicationContext.log ContextListener: contextInitialized()
26-Aug-2022 13:47:34.980 INFO [main] org.apache.catalina.core.ApplicationContext.log SessionListener: contextInitialized()
26-Aug-2022 13:47:34.980 INFO [main] org.apache.catalina.core.ApplicationContext.log ContextListener: attributeAdded('StockTicker', 'async.Stockticker@2f8dad04')
26-Aug-2022 13:49:14.183 INFO [main] org.apache.catalina.core.ApplicationContext.log ContextListener: contextInitialized()
26-Aug-2022 13:49:14.183 INFO [main] org.apache.catalina.core.ApplicationContext.log SessionListener: contextInitialized()
26-Aug-2022 13:49:14.184 INFO [main] org.apache.catalina.core.ApplicationContext.log ContextListener: attributeAdded('StockTicker', 'async.Stockticker@6631f5ca')
26-Aug-2022 13:49:14.199 INFO [main] org.apache.catalina.core.ApplicationContext.log SessionListener: contextDestroyed()
26-Aug-2022 13:49:14.199 INFO [main] org.apache.catalina.core.ApplicationContext.log ContextListener: contextDestroyed()
26-Aug-2022 13:49:14.560 INFO [main] org.apache.catalina.core.ApplicationContext.log SessionListener: contextDestroyed()
26-Aug-2022 13:49:14.561 INFO [main] org.apache.catalina.core.ApplicationContext.log ContextListener: contextDestroyed()
26-Aug-2022 13:49:15.950 INFO [main] org.apache.catalina.core.ApplicationContext.log ContextListener: contextInitialized()
26-Aug-2022 13:49:15.951 INFO [main] org.apache.catalina.core.ApplicationContext.log SessionListener: contextInitialized()
26-Aug-2022 13:49:15.952 INFO [main] org.apache.catalina.core.ApplicationContext.log ContextListener: attributeAdded('StockTicker', 'async.Stockticker@2accdbb5')
26-Aug-2022 13:50:28.636 INFO [main] org.apache.catalina.core.ApplicationContext.log SessionListener: contextDestroyed()
26-Aug-2022 13:50:28.636 INFO [main] org.apache.catalina.core.ApplicationContext.log ContextListener: contextDestroyed()
26-Aug-2022 13:50:30.507 INFO [main] org.apache.catalina.core.ApplicationContext.log ContextListener: contextInitialized()
26-Aug-2022 13:50:30.507 INFO [main] org.apache.catalina.core.ApplicationContext.log SessionListener: contextInitialized()
26-Aug-2022 13:50:30.508 INFO [main] org.apache.catalina.core.ApplicationContext.log ContextListener: attributeAdded('StockTicker', 'async.Stockticker@6a84a97d')
26-Aug-2022 13:53:21.054 INFO [main] org.apache.catalina.core.ApplicationContext.log SessionListener: contextDestroyed()
26-Aug-2022 13:53:21.055 INFO [main] org.apache.catalina.core.ApplicationContext.log ContextListener: contextDestroyed()
26-Aug-2022 13:53:22.733 INFO [main] org.apache.catalina.core.ApplicationContext.log ContextListener: contextInitialized()
26-Aug-2022 13:53:22.733 INFO [main] org.apache.catalina.core.ApplicationContext.log SessionListener: contextInitialized()
26-Aug-2022 13:53:22.734 INFO [main] org.apache.catalina.core.ApplicationContext.log ContextListener: attributeAdded('StockTicker', 'async.Stockticker@1ba9117e')
26-Aug-2022 13:55:13.246 INFO [main] org.apache.catalina.core.ApplicationContext.log SessionListener: contextDestroyed()
26-Aug-2022 13:55:13.246 INFO [main] org.apache.catalina.core.ApplicationContext.log ContextListener: contextDestroyed()
26-Aug-2022 13:55:15.585 INFO [main] org.apache.catalina.core.ApplicationContext.log ContextListener: contextInitialized()
26-Aug-2022 13:55:15.586 INFO [main] org.apache.catalina.core.ApplicationContext.log SessionListener: contextInitialized()
26-Aug-2022 13:55:15.586 INFO [main] org.apache.catalina.core.ApplicationContext.log ContextListener: attributeAdded('StockTicker', 'async.Stockticker@2bfc268b')
26-Aug-2022 13:55:52.192 INFO [main] org.apache.catalina.core.ApplicationContext.log SessionListener: contextDestroyed()
26-Aug-2022 13:55:52.193 INFO [main] org.apache.catalina.core.ApplicationContext.log ContextListener: contextDestroyed()
26-Aug-2022 13:55:53.454 INFO [main] org.apache.catalina.core.ApplicationContext.log ContextListener: contextInitialized()
26-Aug-2022 13:55:53.454 INFO [main] org.apache.catalina.core.ApplicationContext.log SessionListener: contextInitialized()
26-Aug-2022 13:55:53.454 INFO [main] org.apache.catalina.core.ApplicationContext.log ContextListener: attributeAdded('StockTicker', 'async.Stockticker@49912c99')
26-Aug-2022 13:57:59.778 INFO [main] org.apache.catalina.core.ApplicationContext.log SessionListener: contextDestroyed()
26-Aug-2022 13:57:59.778 INFO [main] org.apache.catalina.core.ApplicationContext.log ContextListener: contextDestroyed()
26-Aug-2022 13:58:01.348 INFO [main] org.apache.catalina.core.ApplicationContext.log ContextListener: contextInitialized()
26-Aug-2022 13:58:01.348 INFO [main] org.apache.catalina.core.ApplicationContext.log SessionListener: contextInitialized()
26-Aug-2022 13:58:01.349 INFO [main] org.apache.catalina.core.ApplicationContext.log ContextListener: attributeAdded('StockTicker', 'async.Stockticker@10163d6')
26-Aug-2022 14:03:40.370 INFO [main] org.apache.catalina.core.ApplicationContext.log SessionListener: contextDestroyed()
26-Aug-2022 14:03:40.370 INFO [main] org.apache.catalina.core.ApplicationContext.log ContextListener: contextDestroyed()
26-Aug-2022 14:03:41.959 INFO [main] org.apache.catalina.core.ApplicationContext.log ContextListener: contextInitialized()
26-Aug-2022 14:03:41.960 INFO [main] org.apache.catalina.core.ApplicationContext.log SessionListener: contextInitialized()
26-Aug-2022 14:03:41.961 INFO [main] org.apache.catalina.core.ApplicationContext.log ContextListener: attributeAdded('StockTicker', 'async.Stockticker@10163d6')
26-Aug-2022 14:04:29.492 INFO [main] org.apache.catalina.core.ApplicationContext.log SessionListener: contextDestroyed()
26-Aug-2022 14:04:29.492 INFO [main] org.apache.catalina.core.ApplicationContext.log ContextListener: contextDestroyed()
26-Aug-2022 14:04:30.835 INFO [main] org.apache.catalina.core.ApplicationContext.log ContextListener: contextInitialized()
26-Aug-2022 14:04:30.835 INFO [main] org.apache.catalina.core.ApplicationContext.log SessionListener: contextInitialized()
26-Aug-2022 14:04:30.837 INFO [main] org.apache.catalina.core.ApplicationContext.log ContextListener: attributeAdded('StockTicker', 'async.Stockticker@10163d6')
26-Aug-2022 14:06:00.924 INFO [main] org.apache.catalina.core.ApplicationContext.log SessionListener: contextDestroyed()
26-Aug-2022 14:06:00.924 INFO [main] org.apache.catalina.core.ApplicationContext.log ContextListener: contextDestroyed()
26-Aug-2022 14:06:03.292 INFO [main] org.apache.catalina.core.ApplicationContext.log ContextListener: contextInitialized()
26-Aug-2022 14:06:03.292 INFO [main] org.apache.catalina.core.ApplicationContext.log SessionListener: contextInitialized()
26-Aug-2022 14:06:03.293 INFO [main] org.apache.catalina.core.ApplicationContext.log ContextListener: attributeAdded('StockTicker', 'async.Stockticker@6a84a97d')
26-Aug-2022 14:06:05.960 SEVERE [http-nio-8080-exec-1] org.apache.catalina.core.StandardWrapperValve.invoke Servlet.service() for servlet [jsp] in context with path [/sample] threw exception [Unable to compile class for JSP: 

An error occurred at line: [209] in the jsp file: [/rhptest.jsp]
Syntax error, insert ")" to complete MethodInvocation
206: 		String[] level_one_arr = one_arr[i].split("\\(\\(\\(");
207: 		
208: 		out.println("- " + level_one_arr[0]); 
209: 		out.println(<p>);
210: 		out.println("- " + level_one_arr[1]); 
211: 	}
212: 		


An error occurred at line: [209] in the jsp file: [/rhptest.jsp]
Syntax error, insert ";" to complete Statement
206: 		String[] level_one_arr = one_arr[i].split("\\(\\(\\(");
207: 		
208: 		out.println("- " + level_one_arr[0]); 
209: 		out.println(<p>);
210: 		out.println("- " + level_one_arr[1]); 
211: 	}
212: 		


An error occurred at line: [209] in the jsp file: [/rhptest.jsp]
Syntax error on tokens, delete these tokens
206: 		String[] level_one_arr = one_arr[i].split("\\(\\(\\(");
207: 		
208: 		out.println("- " + level_one_arr[0]); 
209: 		out.println(<p>);
210: 		out.println("- " + level_one_arr[1]); 
211: 	}
212: 		


Stacktrace:] with root cause
	org.apache.jasper.JasperException: Unable to compile class for JSP: 

An error occurred at line: [209] in the jsp file: [/rhptest.jsp]
Syntax error, insert ")" to complete MethodInvocation
206: 		String[] level_one_arr = one_arr[i].split("\\(\\(\\(");
207: 		
208: 		out.println("- " + level_one_arr[0]); 
209: 		out.println(<p>);
210: 		out.println("- " + level_one_arr[1]); 
211: 	}
212: 		


An error occurred at line: [209] in the jsp file: [/rhptest.jsp]
Syntax error, insert ";" to complete Statement
206: 		String[] level_one_arr = one_arr[i].split("\\(\\(\\(");
207: 		
208: 		out.println("- " + level_one_arr[0]); 
209: 		out.println(<p>);
210: 		out.println("- " + level_one_arr[1]); 
211: 	}
212: 		


An error occurred at line: [209] in the jsp file: [/rhptest.jsp]
Syntax error on tokens, delete these tokens
206: 		String[] level_one_arr = one_arr[i].split("\\(\\(\\(");
207: 		
208: 		out.println("- " + level_one_arr[0]); 
209: 		out.println(<p>);
210: 		out.println("- " + level_one_arr[1]); 
211: 	}
212: 		


Stacktrace:
		at org.apache.jasper.compiler.DefaultErrorHandler.javacError(DefaultErrorHandler.java:102)
		at org.apache.jasper.compiler.ErrorDispatcher.javacError(ErrorDispatcher.java:213)
		at org.apache.jasper.compiler.JDTCompiler.generateClass(JDTCompiler.java:509)
		at org.apache.jasper.compiler.Compiler.compile(Compiler.java:397)
		at org.apache.jasper.compiler.Compiler.compile(Compiler.java:367)
		at org.apache.jasper.compiler.Compiler.compile(Compiler.java:351)
		at org.apache.jasper.JspCompilationContext.compile(JspCompilationContext.java:605)
		at org.apache.jasper.servlet.JspServletWrapper.service(JspServletWrapper.java:399)
		at org.apache.jasper.servlet.JspServlet.serviceJspFile(JspServlet.java:379)
		at org.apache.jasper.servlet.JspServlet.service(JspServlet.java:327)
		at javax.servlet.http.HttpServlet.service(HttpServlet.java:764)
		at org.apache.catalina.core.ApplicationFilterChain.internalDoFilter(ApplicationFilterChain.java:227)
		at org.apache.catalina.core.ApplicationFilterChain.doFilter(ApplicationFilterChain.java:162)
		at org.apache.tomcat.websocket.server.WsFilter.doFilter(WsFilter.java:53)
		at org.apache.catalina.core.ApplicationFilterChain.internalDoFilter(ApplicationFilterChain.java:189)
		at org.apache.catalina.core.ApplicationFilterChain.doFilter(ApplicationFilterChain.java:162)
		at org.apache.catalina.core.StandardWrapperValve.invoke(StandardWrapperValve.java:197)
		at org.apache.catalina.core.StandardContextValve.invoke(StandardContextValve.java:97)
		at org.apache.catalina.authenticator.AuthenticatorBase.invoke(AuthenticatorBase.java:541)
		at org.apache.catalina.core.StandardHostValve.invoke(StandardHostValve.java:135)
		at org.apache.catalina.valves.ErrorReportValve.invoke(ErrorReportValve.java:92)
		at org.apache.catalina.valves.AbstractAccessLogValve.invoke(AbstractAccessLogValve.java:687)
		at org.apache.catalina.core.StandardEngineValve.invoke(StandardEngineValve.java:78)
		at org.apache.catalina.connector.CoyoteAdapter.service(CoyoteAdapter.java:360)
		at org.apache.coyote.http11.Http11Processor.service(Http11Processor.java:399)
		at org.apache.coyote.AbstractProcessorLight.process(AbstractProcessorLight.java:65)
		at org.apache.coyote.AbstractProtocol$ConnectionHandler.process(AbstractProtocol.java:890)
		at org.apache.tomcat.util.net.NioEndpoint$SocketProcessor.doRun(NioEndpoint.java:1789)
		at org.apache.tomcat.util.net.SocketProcessorBase.run(SocketProcessorBase.java:49)
		at org.apache.tomcat.util.threads.ThreadPoolExecutor.runWorker(ThreadPoolExecutor.java:1191)
		at org.apache.tomcat.util.threads.ThreadPoolExecutor$Worker.run(ThreadPoolExecutor.java:659)
		at org.apache.tomcat.util.threads.TaskThread$WrappingRunnable.run(TaskThread.java:61)
		at java.lang.Thread.run(Thread.java:750)
26-Aug-2022 14:06:47.863 INFO [main] org.apache.catalina.core.ApplicationContext.log SessionListener: contextDestroyed()
26-Aug-2022 14:06:47.863 INFO [main] org.apache.catalina.core.ApplicationContext.log ContextListener: contextDestroyed()
26-Aug-2022 14:06:49.162 INFO [main] org.apache.catalina.core.ApplicationContext.log ContextListener: contextInitialized()
26-Aug-2022 14:06:49.162 INFO [main] org.apache.catalina.core.ApplicationContext.log SessionListener: contextInitialized()
26-Aug-2022 14:06:49.163 INFO [main] org.apache.catalina.core.ApplicationContext.log ContextListener: attributeAdded('StockTicker', 'async.Stockticker@2dde1bff')
26-Aug-2022 14:08:04.400 INFO [main] org.apache.catalina.core.ApplicationContext.log SessionListener: contextDestroyed()
26-Aug-2022 14:08:04.401 INFO [main] org.apache.catalina.core.ApplicationContext.log ContextListener: contextDestroyed()
26-Aug-2022 14:08:06.657 INFO [main] org.apache.catalina.core.ApplicationContext.log ContextListener: contextInitialized()
26-Aug-2022 14:08:06.657 INFO [main] org.apache.catalina.core.ApplicationContext.log SessionListener: contextInitialized()
26-Aug-2022 14:08:06.657 INFO [main] org.apache.catalina.core.ApplicationContext.log ContextListener: attributeAdded('StockTicker', 'async.Stockticker@49912c99')
26-Aug-2022 14:09:29.190 INFO [main] org.apache.catalina.core.ApplicationContext.log SessionListener: contextDestroyed()
26-Aug-2022 14:09:29.190 INFO [main] org.apache.catalina.core.ApplicationContext.log ContextListener: contextDestroyed()
26-Aug-2022 14:09:30.522 INFO [main] org.apache.catalina.core.ApplicationContext.log ContextListener: contextInitialized()
26-Aug-2022 14:09:30.522 INFO [main] org.apache.catalina.core.ApplicationContext.log SessionListener: contextInitialized()
26-Aug-2022 14:09:30.523 INFO [main] org.apache.catalina.core.ApplicationContext.log ContextListener: attributeAdded('StockTicker', 'async.Stockticker@10163d6')
26-Aug-2022 14:10:22.681 INFO [main] org.apache.catalina.core.ApplicationContext.log SessionListener: contextDestroyed()
26-Aug-2022 14:10:22.682 INFO [main] org.apache.catalina.core.ApplicationContext.log ContextListener: contextDestroyed()
26-Aug-2022 14:10:24.082 INFO [main] org.apache.catalina.core.ApplicationContext.log ContextListener: contextInitialized()
26-Aug-2022 14:10:24.082 INFO [main] org.apache.catalina.core.ApplicationContext.log SessionListener: contextInitialized()
26-Aug-2022 14:10:24.083 INFO [main] org.apache.catalina.core.ApplicationContext.log ContextListener: attributeAdded('StockTicker', 'async.Stockticker@6a84a97d')
26-Aug-2022 14:12:40.346 INFO [main] org.apache.catalina.core.ApplicationContext.log SessionListener: contextDestroyed()
26-Aug-2022 14:12:40.346 INFO [main] org.apache.catalina.core.ApplicationContext.log ContextListener: contextDestroyed()
26-Aug-2022 14:12:41.718 INFO [main] org.apache.catalina.core.ApplicationContext.log ContextListener: contextInitialized()
26-Aug-2022 14:12:41.718 INFO [main] org.apache.catalina.core.ApplicationContext.log SessionListener: contextInitialized()
26-Aug-2022 14:12:41.720 INFO [main] org.apache.catalina.core.ApplicationContext.log ContextListener: attributeAdded('StockTicker', 'async.Stockticker@2dde1bff')
26-Aug-2022 14:13:43.655 INFO [main] org.apache.catalina.core.ApplicationContext.log SessionListener: contextDestroyed()
26-Aug-2022 14:13:43.655 INFO [main] org.apache.catalina.core.ApplicationContext.log ContextListener: contextDestroyed()
26-Aug-2022 14:13:45.397 INFO [main] org.apache.catalina.core.ApplicationContext.log ContextListener: contextInitialized()
26-Aug-2022 14:13:45.398 INFO [main] org.apache.catalina.core.ApplicationContext.log SessionListener: contextInitialized()
26-Aug-2022 14:13:45.398 INFO [main] org.apache.catalina.core.ApplicationContext.log ContextListener: attributeAdded('StockTicker', 'async.Stockticker@1ba9117e')
26-Aug-2022 14:14:12.937 INFO [main] org.apache.catalina.core.ApplicationContext.log SessionListener: contextDestroyed()
26-Aug-2022 14:14:12.937 INFO [main] org.apache.catalina.core.ApplicationContext.log ContextListener: contextDestroyed()
26-Aug-2022 14:14:14.497 INFO [main] org.apache.catalina.core.ApplicationContext.log ContextListener: contextInitialized()
26-Aug-2022 14:14:14.497 INFO [main] org.apache.catalina.core.ApplicationContext.log SessionListener: contextInitialized()
26-Aug-2022 14:14:14.499 INFO [main] org.apache.catalina.core.ApplicationContext.log ContextListener: attributeAdded('StockTicker', 'async.Stockticker@6a84a97d')
26-Aug-2022 14:15:20.292 INFO [main] org.apache.catalina.core.ApplicationContext.log SessionListener: contextDestroyed()
26-Aug-2022 14:15:20.292 INFO [main] org.apache.catalina.core.ApplicationContext.log ContextListener: contextDestroyed()
26-Aug-2022 14:15:22.460 INFO [main] org.apache.catalina.core.ApplicationContext.log ContextListener: contextInitialized()
26-Aug-2022 14:15:22.460 INFO [main] org.apache.catalina.core.ApplicationContext.log SessionListener: contextInitialized()
26-Aug-2022 14:15:22.460 INFO [main] org.apache.catalina.core.ApplicationContext.log ContextListener: attributeAdded('StockTicker', 'async.Stockticker@6a84a97d')
26-Aug-2022 14:15:50.928 INFO [main] org.apache.catalina.core.ApplicationContext.log SessionListener: contextDestroyed()
26-Aug-2022 14:15:50.928 INFO [main] org.apache.catalina.core.ApplicationContext.log ContextListener: contextDestroyed()
26-Aug-2022 14:15:52.391 INFO [main] org.apache.catalina.core.ApplicationContext.log ContextListener: contextInitialized()
26-Aug-2022 14:15:52.391 INFO [main] org.apache.catalina.core.ApplicationContext.log SessionListener: contextInitialized()
26-Aug-2022 14:15:52.391 INFO [main] org.apache.catalina.core.ApplicationContext.log ContextListener: attributeAdded('StockTicker', 'async.Stockticker@6a84a97d')
26-Aug-2022 14:18:19.445 INFO [main] org.apache.catalina.core.ApplicationContext.log SessionListener: contextDestroyed()
26-Aug-2022 14:18:19.445 INFO [main] org.apache.catalina.core.ApplicationContext.log ContextListener: contextDestroyed()
26-Aug-2022 14:18:21.047 INFO [main] org.apache.catalina.core.ApplicationContext.log ContextListener: contextInitialized()
26-Aug-2022 14:18:21.047 INFO [main] org.apache.catalina.core.ApplicationContext.log SessionListener: contextInitialized()
26-Aug-2022 14:18:21.048 INFO [main] org.apache.catalina.core.ApplicationContext.log ContextListener: attributeAdded('StockTicker', 'async.Stockticker@6a84a97d')
26-Aug-2022 14:22:35.708 INFO [main] org.apache.catalina.core.ApplicationContext.log SessionListener: contextDestroyed()
26-Aug-2022 14:22:35.708 INFO [main] org.apache.catalina.core.ApplicationContext.log ContextListener: contextDestroyed()
26-Aug-2022 14:22:37.123 INFO [main] org.apache.catalina.core.ApplicationContext.log ContextListener: contextInitialized()
26-Aug-2022 14:22:37.123 INFO [main] org.apache.catalina.core.ApplicationContext.log SessionListener: contextInitialized()
26-Aug-2022 14:22:37.123 INFO [main] org.apache.catalina.core.ApplicationContext.log ContextListener: attributeAdded('StockTicker', 'async.Stockticker@10163d6')
26-Aug-2022 14:26:46.871 INFO [main] org.apache.catalina.core.ApplicationContext.log SessionListener: contextDestroyed()
26-Aug-2022 14:26:46.871 INFO [main] org.apache.catalina.core.ApplicationContext.log ContextListener: contextDestroyed()
26-Aug-2022 14:26:48.104 INFO [main] org.apache.catalina.core.ApplicationContext.log ContextListener: contextInitialized()
26-Aug-2022 14:26:48.105 INFO [main] org.apache.catalina.core.ApplicationContext.log SessionListener: contextInitialized()
26-Aug-2022 14:26:48.106 INFO [main] org.apache.catalina.core.ApplicationContext.log ContextListener: attributeAdded('StockTicker', 'async.Stockticker@48974e45')
26-Aug-2022 14:26:51.534 SEVERE [http-nio-8080-exec-2] org.apache.catalina.core.StandardWrapperValve.invoke Servlet.service() for servlet [jsp] in context with path [/sample] threw exception [An exception occurred processing [/rhptest.jsp] at line [215]

212: 			String[] level_two_arr = two_arr[j].split("\\(\\(");
213: 			out.println("<br>   " + "- " + level_two_arr[0]); 
214: 			
215: 			String[] three_arr = level_two_arr[1].split("_three_");
216: 			
217: 			for (int k=0; k < three_arr.length; k++) {
218: 				String[] level_three_arr = three_arr[k].split("\\(");


Stacktrace:] with root cause
	java.lang.ArrayIndexOutOfBoundsException: 1
		at org.apache.jsp.rhptest_jsp._jspService(rhptest_jsp.java:331)
		at org.apache.jasper.runtime.HttpJspBase.service(HttpJspBase.java:70)
		at javax.servlet.http.HttpServlet.service(HttpServlet.java:764)
		at org.apache.jasper.servlet.JspServletWrapper.service(JspServletWrapper.java:466)
		at org.apache.jasper.servlet.JspServlet.serviceJspFile(JspServlet.java:379)
		at org.apache.jasper.servlet.JspServlet.service(JspServlet.java:327)
		at javax.servlet.http.HttpServlet.service(HttpServlet.java:764)
		at org.apache.catalina.core.ApplicationFilterChain.internalDoFilter(ApplicationFilterChain.java:227)
		at org.apache.catalina.core.ApplicationFilterChain.doFilter(ApplicationFilterChain.java:162)
		at org.apache.tomcat.websocket.server.WsFilter.doFilter(WsFilter.java:53)
		at org.apache.catalina.core.ApplicationFilterChain.internalDoFilter(ApplicationFilterChain.java:189)
		at org.apache.catalina.core.ApplicationFilterChain.doFilter(ApplicationFilterChain.java:162)
		at org.apache.catalina.core.StandardWrapperValve.invoke(StandardWrapperValve.java:197)
		at org.apache.catalina.core.StandardContextValve.invoke(StandardContextValve.java:97)
		at org.apache.catalina.authenticator.AuthenticatorBase.invoke(AuthenticatorBase.java:541)
		at org.apache.catalina.core.StandardHostValve.invoke(StandardHostValve.java:135)
		at org.apache.catalina.valves.ErrorReportValve.invoke(ErrorReportValve.java:92)
		at org.apache.catalina.valves.AbstractAccessLogValve.invoke(AbstractAccessLogValve.java:687)
		at org.apache.catalina.core.StandardEngineValve.invoke(StandardEngineValve.java:78)
		at org.apache.catalina.connector.CoyoteAdapter.service(CoyoteAdapter.java:360)
		at org.apache.coyote.http11.Http11Processor.service(Http11Processor.java:399)
		at org.apache.coyote.AbstractProcessorLight.process(AbstractProcessorLight.java:65)
		at org.apache.coyote.AbstractProtocol$ConnectionHandler.process(AbstractProtocol.java:890)
		at org.apache.tomcat.util.net.NioEndpoint$SocketProcessor.doRun(NioEndpoint.java:1789)
		at org.apache.tomcat.util.net.SocketProcessorBase.run(SocketProcessorBase.java:49)
		at org.apache.tomcat.util.threads.ThreadPoolExecutor.runWorker(ThreadPoolExecutor.java:1191)
		at org.apache.tomcat.util.threads.ThreadPoolExecutor$Worker.run(ThreadPoolExecutor.java:659)
		at org.apache.tomcat.util.threads.TaskThread$WrappingRunnable.run(TaskThread.java:61)
		at java.lang.Thread.run(Thread.java:750)
26-Aug-2022 14:28:40.918 INFO [main] org.apache.catalina.core.ApplicationContext.log SessionListener: contextDestroyed()
26-Aug-2022 14:28:40.918 INFO [main] org.apache.catalina.core.ApplicationContext.log ContextListener: contextDestroyed()
26-Aug-2022 14:28:42.036 INFO [main] org.apache.catalina.core.ApplicationContext.log ContextListener: contextInitialized()
26-Aug-2022 14:28:42.036 INFO [main] org.apache.catalina.core.ApplicationContext.log SessionListener: contextInitialized()
26-Aug-2022 14:28:42.036 INFO [main] org.apache.catalina.core.ApplicationContext.log ContextListener: attributeAdded('StockTicker', 'async.Stockticker@6a84a97d')
26-Aug-2022 14:37:24.844 INFO [main] org.apache.catalina.core.ApplicationContext.log SessionListener: contextDestroyed()
26-Aug-2022 14:37:24.844 INFO [main] org.apache.catalina.core.ApplicationContext.log ContextListener: contextDestroyed()
26-Aug-2022 14:37:26.205 INFO [main] org.apache.catalina.core.ApplicationContext.log ContextListener: contextInitialized()
26-Aug-2022 14:37:26.205 INFO [main] org.apache.catalina.core.ApplicationContext.log SessionListener: contextInitialized()
26-Aug-2022 14:37:26.206 INFO [main] org.apache.catalina.core.ApplicationContext.log ContextListener: attributeAdded('StockTicker', 'async.Stockticker@48974e45')
26-Aug-2022 14:42:42.869 INFO [main] org.apache.catalina.core.ApplicationContext.log SessionListener: contextDestroyed()
26-Aug-2022 14:42:42.869 INFO [main] org.apache.catalina.core.ApplicationContext.log ContextListener: contextDestroyed()
26-Aug-2022 14:42:44.520 INFO [main] org.apache.catalina.core.ApplicationContext.log ContextListener: contextInitialized()
26-Aug-2022 14:42:44.520 INFO [main] org.apache.catalina.core.ApplicationContext.log SessionListener: contextInitialized()
26-Aug-2022 14:42:44.521 INFO [main] org.apache.catalina.core.ApplicationContext.log ContextListener: attributeAdded('StockTicker', 'async.Stockticker@6a84a97d')
26-Aug-2022 14:43:57.443 INFO [main] org.apache.catalina.core.ApplicationContext.log SessionListener: contextDestroyed()
26-Aug-2022 14:43:57.444 INFO [main] org.apache.catalina.core.ApplicationContext.log ContextListener: contextDestroyed()
26-Aug-2022 14:43:58.882 INFO [main] org.apache.catalina.core.ApplicationContext.log ContextListener: contextInitialized()
26-Aug-2022 14:43:58.882 INFO [main] org.apache.catalina.core.ApplicationContext.log SessionListener: contextInitialized()
26-Aug-2022 14:43:58.882 INFO [main] org.apache.catalina.core.ApplicationContext.log ContextListener: attributeAdded('StockTicker', 'async.Stockticker@be35cd9')
26-Aug-2022 14:44:41.574 INFO [main] org.apache.catalina.core.ApplicationContext.log SessionListener: contextDestroyed()
26-Aug-2022 14:44:41.574 INFO [main] org.apache.catalina.core.ApplicationContext.log ContextListener: contextDestroyed()
26-Aug-2022 14:44:42.819 INFO [main] org.apache.catalina.core.ApplicationContext.log ContextListener: contextInitialized()
26-Aug-2022 14:44:42.819 INFO [main] org.apache.catalina.core.ApplicationContext.log SessionListener: contextInitialized()
26-Aug-2022 14:44:42.820 INFO [main] org.apache.catalina.core.ApplicationContext.log ContextListener: attributeAdded('StockTicker', 'async.Stockticker@10163d6')
26-Aug-2022 14:45:10.271 INFO [main] org.apache.catalina.core.ApplicationContext.log SessionListener: contextDestroyed()
26-Aug-2022 14:45:10.272 INFO [main] org.apache.catalina.core.ApplicationContext.log ContextListener: contextDestroyed()
26-Aug-2022 14:45:12.188 INFO [main] org.apache.catalina.core.ApplicationContext.log ContextListener: contextInitialized()
26-Aug-2022 14:45:12.188 INFO [main] org.apache.catalina.core.ApplicationContext.log SessionListener: contextInitialized()
26-Aug-2022 14:45:12.189 INFO [main] org.apache.catalina.core.ApplicationContext.log ContextListener: attributeAdded('StockTicker', 'async.Stockticker@6a84a97d')
26-Aug-2022 14:45:14.131 SEVERE [http-nio-8080-exec-1] org.apache.catalina.core.StandardWrapperValve.invoke Servlet.service() for servlet [jsp] in context with path [/sample] threw exception [An exception occurred processing [/rhptest.jsp] at line [207]

204: 	
205: 	for (int i=0 ; i<one_arr.length; i++) {
206: 		String[] level_one_arr = one_arr[i].split("\\(\\(\\(");
207: 		level_one_arr[0] = level_one_arr[0].replaceAll(",)))", " ");
208: 		out.println("- " + level_one_arr[0]); 
209: 		
210: 		if (level_one_arr.length > 1){


Stacktrace:] with root cause
	java.util.regex.PatternSyntaxException: Unmatched closing ')' near index 0
,)))
^
		at java.util.regex.Pattern.error(Pattern.java:1969)
		at java.util.regex.Pattern.compile(Pattern.java:1706)
		at java.util.regex.Pattern.<init>(Pattern.java:1352)
		at java.util.regex.Pattern.compile(Pattern.java:1028)
		at java.lang.String.replaceAll(String.java:2223)
		at org.apache.jsp.rhptest_jsp._jspService(rhptest_jsp.java:323)
		at org.apache.jasper.runtime.HttpJspBase.service(HttpJspBase.java:70)
		at javax.servlet.http.HttpServlet.service(HttpServlet.java:764)
		at org.apache.jasper.servlet.JspServletWrapper.service(JspServletWrapper.java:466)
		at org.apache.jasper.servlet.JspServlet.serviceJspFile(JspServlet.java:379)
		at org.apache.jasper.servlet.JspServlet.service(JspServlet.java:327)
		at javax.servlet.http.HttpServlet.service(HttpServlet.java:764)
		at org.apache.catalina.core.ApplicationFilterChain.internalDoFilter(ApplicationFilterChain.java:227)
		at org.apache.catalina.core.ApplicationFilterChain.doFilter(ApplicationFilterChain.java:162)
		at org.apache.tomcat.websocket.server.WsFilter.doFilter(WsFilter.java:53)
		at org.apache.catalina.core.ApplicationFilterChain.internalDoFilter(ApplicationFilterChain.java:189)
		at org.apache.catalina.core.ApplicationFilterChain.doFilter(ApplicationFilterChain.java:162)
		at org.apache.catalina.core.StandardWrapperValve.invoke(StandardWrapperValve.java:197)
		at org.apache.catalina.core.StandardContextValve.invoke(StandardContextValve.java:97)
		at org.apache.catalina.authenticator.AuthenticatorBase.invoke(AuthenticatorBase.java:541)
		at org.apache.catalina.core.StandardHostValve.invoke(StandardHostValve.java:135)
		at org.apache.catalina.valves.ErrorReportValve.invoke(ErrorReportValve.java:92)
		at org.apache.catalina.valves.AbstractAccessLogValve.invoke(AbstractAccessLogValve.java:687)
		at org.apache.catalina.core.StandardEngineValve.invoke(StandardEngineValve.java:78)
		at org.apache.catalina.connector.CoyoteAdapter.service(CoyoteAdapter.java:360)
		at org.apache.coyote.http11.Http11Processor.service(Http11Processor.java:399)
		at org.apache.coyote.AbstractProcessorLight.process(AbstractProcessorLight.java:65)
		at org.apache.coyote.AbstractProtocol$ConnectionHandler.process(AbstractProtocol.java:890)
		at org.apache.tomcat.util.net.NioEndpoint$SocketProcessor.doRun(NioEndpoint.java:1789)
		at org.apache.tomcat.util.net.SocketProcessorBase.run(SocketProcessorBase.java:49)
		at org.apache.tomcat.util.threads.ThreadPoolExecutor.runWorker(ThreadPoolExecutor.java:1191)
		at org.apache.tomcat.util.threads.ThreadPoolExecutor$Worker.run(ThreadPoolExecutor.java:659)
		at org.apache.tomcat.util.threads.TaskThread$WrappingRunnable.run(TaskThread.java:61)
		at java.lang.Thread.run(Thread.java:750)
26-Aug-2022 14:45:46.906 INFO [main] org.apache.catalina.core.ApplicationContext.log SessionListener: contextDestroyed()
26-Aug-2022 14:45:46.906 INFO [main] org.apache.catalina.core.ApplicationContext.log ContextListener: contextDestroyed()
26-Aug-2022 14:45:48.449 INFO [main] org.apache.catalina.core.ApplicationContext.log ContextListener: contextInitialized()
26-Aug-2022 14:45:48.449 INFO [main] org.apache.catalina.core.ApplicationContext.log SessionListener: contextInitialized()
26-Aug-2022 14:45:48.451 INFO [main] org.apache.catalina.core.ApplicationContext.log ContextListener: attributeAdded('StockTicker', 'async.Stockticker@6a84a97d')
26-Aug-2022 14:47:18.221 INFO [main] org.apache.catalina.core.ApplicationContext.log SessionListener: contextDestroyed()
26-Aug-2022 14:47:18.221 INFO [main] org.apache.catalina.core.ApplicationContext.log ContextListener: contextDestroyed()
26-Aug-2022 14:47:19.590 INFO [main] org.apache.catalina.core.ApplicationContext.log ContextListener: contextInitialized()
26-Aug-2022 14:47:19.590 INFO [main] org.apache.catalina.core.ApplicationContext.log SessionListener: contextInitialized()
26-Aug-2022 14:47:19.591 INFO [main] org.apache.catalina.core.ApplicationContext.log ContextListener: attributeAdded('StockTicker', 'async.Stockticker@49912c99')
26-Aug-2022 14:47:47.564 INFO [main] org.apache.catalina.core.ApplicationContext.log SessionListener: contextDestroyed()
26-Aug-2022 14:47:47.564 INFO [main] org.apache.catalina.core.ApplicationContext.log ContextListener: contextDestroyed()
26-Aug-2022 14:47:49.031 INFO [main] org.apache.catalina.core.ApplicationContext.log ContextListener: contextInitialized()
26-Aug-2022 14:47:49.031 INFO [main] org.apache.catalina.core.ApplicationContext.log SessionListener: contextInitialized()
26-Aug-2022 14:47:49.031 INFO [main] org.apache.catalina.core.ApplicationContext.log ContextListener: attributeAdded('StockTicker', 'async.Stockticker@550ee7e5')
26-Aug-2022 14:48:35.922 INFO [main] org.apache.catalina.core.ApplicationContext.log SessionListener: contextDestroyed()
26-Aug-2022 14:48:35.922 INFO [main] org.apache.catalina.core.ApplicationContext.log ContextListener: contextDestroyed()
26-Aug-2022 14:48:37.186 INFO [main] org.apache.catalina.core.ApplicationContext.log ContextListener: contextInitialized()
26-Aug-2022 14:48:37.187 INFO [main] org.apache.catalina.core.ApplicationContext.log SessionListener: contextInitialized()
26-Aug-2022 14:48:37.187 INFO [main] org.apache.catalina.core.ApplicationContext.log ContextListener: attributeAdded('StockTicker', 'async.Stockticker@10163d6')
26-Aug-2022 14:49:17.104 INFO [main] org.apache.catalina.core.ApplicationContext.log SessionListener: contextDestroyed()
26-Aug-2022 14:49:17.104 INFO [main] org.apache.catalina.core.ApplicationContext.log ContextListener: contextDestroyed()
26-Aug-2022 14:49:18.529 INFO [main] org.apache.catalina.core.ApplicationContext.log ContextListener: contextInitialized()
26-Aug-2022 14:49:18.530 INFO [main] org.apache.catalina.core.ApplicationContext.log SessionListener: contextInitialized()
26-Aug-2022 14:49:18.530 INFO [main] org.apache.catalina.core.ApplicationContext.log ContextListener: attributeAdded('StockTicker', 'async.Stockticker@6a84a97d')
26-Aug-2022 14:51:37.165 INFO [main] org.apache.catalina.core.ApplicationContext.log SessionListener: contextDestroyed()
26-Aug-2022 14:51:37.166 INFO [main] org.apache.catalina.core.ApplicationContext.log ContextListener: contextDestroyed()
26-Aug-2022 14:51:38.310 INFO [main] org.apache.catalina.core.ApplicationContext.log ContextListener: contextInitialized()
26-Aug-2022 14:51:38.310 INFO [main] org.apache.catalina.core.ApplicationContext.log SessionListener: contextInitialized()
26-Aug-2022 14:51:38.310 INFO [main] org.apache.catalina.core.ApplicationContext.log ContextListener: attributeAdded('StockTicker', 'async.Stockticker@49912c99')
26-Aug-2022 14:52:32.427 INFO [main] org.apache.catalina.core.ApplicationContext.log SessionListener: contextDestroyed()
26-Aug-2022 14:52:32.427 INFO [main] org.apache.catalina.core.ApplicationContext.log ContextListener: contextDestroyed()
26-Aug-2022 14:52:33.756 INFO [main] org.apache.catalina.core.ApplicationContext.log ContextListener: contextInitialized()
26-Aug-2022 14:52:33.756 INFO [main] org.apache.catalina.core.ApplicationContext.log SessionListener: contextInitialized()
26-Aug-2022 14:52:33.757 INFO [main] org.apache.catalina.core.ApplicationContext.log ContextListener: attributeAdded('StockTicker', 'async.Stockticker@10163d6')
26-Aug-2022 14:56:20.161 INFO [main] org.apache.catalina.core.ApplicationContext.log SessionListener: contextDestroyed()
26-Aug-2022 14:56:20.161 INFO [main] org.apache.catalina.core.ApplicationContext.log ContextListener: contextDestroyed()
