15-Nov-2022 06:28:07.298 INFO [main] org.apache.catalina.core.ApplicationContext.log ContextListener: contextInitialized()
15-Nov-2022 06:28:07.298 INFO [main] org.apache.catalina.core.ApplicationContext.log SessionListener: contextInitialized()
15-Nov-2022 06:28:07.300 INFO [main] org.apache.catalina.core.ApplicationContext.log ContextListener: attributeAdded('StockTicker', 'async.Stockticker@6631f5ca')
15-Nov-2022 06:33:31.776 INFO [main] org.apache.catalina.core.ApplicationContext.log SessionListener: contextDestroyed()
15-Nov-2022 06:33:31.776 INFO [main] org.apache.catalina.core.ApplicationContext.log ContextListener: contextDestroyed()
15-Nov-2022 06:33:33.771 INFO [main] org.apache.catalina.core.ApplicationContext.log ContextListener: contextInitialized()
15-Nov-2022 06:33:33.771 INFO [main] org.apache.catalina.core.ApplicationContext.log SessionListener: contextInitialized()
15-Nov-2022 06:33:33.773 INFO [main] org.apache.catalina.core.ApplicationContext.log ContextListener: attributeAdded('StockTicker', 'async.Stockticker@2f8dad04')
15-Nov-2022 07:30:04.139 INFO [main] org.apache.catalina.core.ApplicationContext.log SessionListener: contextDestroyed()
15-Nov-2022 07:30:04.140 INFO [main] org.apache.catalina.core.ApplicationContext.log ContextListener: contextDestroyed()
15-Nov-2022 07:30:06.436 INFO [main] org.apache.catalina.core.ApplicationContext.log ContextListener: contextInitialized()
15-Nov-2022 07:30:06.436 INFO [main] org.apache.catalina.core.ApplicationContext.log SessionListener: contextInitialized()
15-Nov-2022 07:30:06.438 INFO [main] org.apache.catalina.core.ApplicationContext.log ContextListener: attributeAdded('StockTicker', 'async.Stockticker@2f8dad04')
15-Nov-2022 07:31:36.880 INFO [main] org.apache.catalina.core.ApplicationContext.log SessionListener: contextDestroyed()
15-Nov-2022 07:31:36.880 INFO [main] org.apache.catalina.core.ApplicationContext.log ContextListener: contextDestroyed()
15-Nov-2022 07:31:38.487 INFO [main] org.apache.catalina.core.ApplicationContext.log ContextListener: contextInitialized()
15-Nov-2022 07:31:38.488 INFO [main] org.apache.catalina.core.ApplicationContext.log SessionListener: contextInitialized()
15-Nov-2022 07:31:38.488 INFO [main] org.apache.catalina.core.ApplicationContext.log ContextListener: attributeAdded('StockTicker', 'async.Stockticker@44821a96')
15-Nov-2022 07:33:43.246 INFO [main] org.apache.catalina.core.ApplicationContext.log SessionListener: contextDestroyed()
15-Nov-2022 07:33:43.246 INFO [main] org.apache.catalina.core.ApplicationContext.log ContextListener: contextDestroyed()
15-Nov-2022 07:33:45.321 INFO [main] org.apache.catalina.core.ApplicationContext.log ContextListener: contextInitialized()
15-Nov-2022 07:33:45.321 INFO [main] org.apache.catalina.core.ApplicationContext.log SessionListener: contextInitialized()
15-Nov-2022 07:33:45.321 INFO [main] org.apache.catalina.core.ApplicationContext.log ContextListener: attributeAdded('StockTicker', 'async.Stockticker@34f5090e')
15-Nov-2022 07:33:52.309 SEVERE [http-nio-8080-exec-1] org.apache.catalina.core.StandardWrapperValve.invoke Servlet.service() for servlet [HelloServlet] in context with path [/sample] threw exception
	java.lang.IllegalStateException: getOutputStream() has already been called for this response
		at org.apache.catalina.connector.Response.getWriter(Response.java:584)
		at org.apache.catalina.connector.ResponseFacade.getWriter(ResponseFacade.java:227)
		at mypackage.Hello.doGet(Hello.java:43)
		at javax.servlet.http.HttpServlet.service(HttpServlet.java:655)
		at javax.servlet.http.HttpServlet.service(HttpServlet.java:764)
		at org.apache.catalina.core.ApplicationFilterChain.internalDoFilter(ApplicationFilterChain.java:227)
		at org.apache.catalina.core.ApplicationFilterChain.doFilter(ApplicationFilterChain.java:162)
		at org.apache.tomcat.websocket.server.WsFilter.doFilter(WsFilter.java:53)
		at org.apache.catalina.core.ApplicationFilterChain.internalDoFilter(ApplicationFilterChain.java:189)
		at org.apache.catalina.core.ApplicationFilterChain.doFilter(ApplicationFilterChain.java:162)
		at org.apache.catalina.core.StandardWrapperValve.invoke(StandardWrapperValve.java:197)
		at org.apache.catalina.core.StandardContextValve.invoke(StandardContextValve.java:97)
		at org.apache.catalina.authenticator.AuthenticatorBase.invoke(AuthenticatorBase.java:541)
		at org.apache.catalina.core.StandardHostValve.invoke(StandardHostValve.java:135)
		at org.apache.catalina.valves.ErrorReportValve.invoke(ErrorReportValve.java:92)
		at org.apache.catalina.valves.AbstractAccessLogValve.invoke(AbstractAccessLogValve.java:687)
		at org.apache.catalina.core.StandardEngineValve.invoke(StandardEngineValve.java:78)
		at org.apache.catalina.connector.CoyoteAdapter.service(CoyoteAdapter.java:360)
		at org.apache.coyote.http11.Http11Processor.service(Http11Processor.java:399)
		at org.apache.coyote.AbstractProcessorLight.process(AbstractProcessorLight.java:65)
		at org.apache.coyote.AbstractProtocol$ConnectionHandler.process(AbstractProtocol.java:890)
		at org.apache.tomcat.util.net.NioEndpoint$SocketProcessor.doRun(NioEndpoint.java:1789)
		at org.apache.tomcat.util.net.SocketProcessorBase.run(SocketProcessorBase.java:49)
		at org.apache.tomcat.util.threads.ThreadPoolExecutor.runWorker(ThreadPoolExecutor.java:1191)
		at org.apache.tomcat.util.threads.ThreadPoolExecutor$Worker.run(ThreadPoolExecutor.java:659)
		at org.apache.tomcat.util.threads.TaskThread$WrappingRunnable.run(TaskThread.java:61)
		at java.lang.Thread.run(Thread.java:750)
15-Nov-2022 07:52:44.411 INFO [main] org.apache.catalina.core.ApplicationContext.log SessionListener: contextDestroyed()
15-Nov-2022 07:52:44.411 INFO [main] org.apache.catalina.core.ApplicationContext.log ContextListener: contextDestroyed()
15-Nov-2022 07:52:47.160 INFO [main] org.apache.catalina.core.ApplicationContext.log ContextListener: contextInitialized()
15-Nov-2022 07:52:47.160 INFO [main] org.apache.catalina.core.ApplicationContext.log SessionListener: contextInitialized()
15-Nov-2022 07:52:47.162 INFO [main] org.apache.catalina.core.ApplicationContext.log ContextListener: attributeAdded('StockTicker', 'async.Stockticker@27ff5d15')
15-Nov-2022 07:58:51.792 INFO [main] org.apache.catalina.core.ApplicationContext.log SessionListener: contextDestroyed()
15-Nov-2022 07:58:51.792 INFO [main] org.apache.catalina.core.ApplicationContext.log ContextListener: contextDestroyed()
15-Nov-2022 07:58:53.634 INFO [main] org.apache.catalina.core.ApplicationContext.log ContextListener: contextInitialized()
15-Nov-2022 07:58:53.635 INFO [main] org.apache.catalina.core.ApplicationContext.log SessionListener: contextInitialized()
15-Nov-2022 07:58:53.635 INFO [main] org.apache.catalina.core.ApplicationContext.log ContextListener: attributeAdded('StockTicker', 'async.Stockticker@306f16f3')
15-Nov-2022 08:08:24.632 INFO [main] org.apache.catalina.core.ApplicationContext.log SessionListener: contextDestroyed()
15-Nov-2022 08:08:24.632 INFO [main] org.apache.catalina.core.ApplicationContext.log ContextListener: contextDestroyed()
15-Nov-2022 08:08:26.250 INFO [main] org.apache.catalina.core.ApplicationContext.log ContextListener: contextInitialized()
15-Nov-2022 08:08:26.250 INFO [main] org.apache.catalina.core.ApplicationContext.log SessionListener: contextInitialized()
15-Nov-2022 08:08:26.251 INFO [main] org.apache.catalina.core.ApplicationContext.log ContextListener: attributeAdded('StockTicker', 'async.Stockticker@a3d8174')
15-Nov-2022 08:22:01.160 INFO [main] org.apache.catalina.core.ApplicationContext.log SessionListener: contextDestroyed()
15-Nov-2022 08:22:01.162 INFO [main] org.apache.catalina.core.ApplicationContext.log ContextListener: contextDestroyed()
15-Nov-2022 08:22:02.554 INFO [main] org.apache.catalina.core.ApplicationContext.log ContextListener: contextInitialized()
15-Nov-2022 08:22:02.555 INFO [main] org.apache.catalina.core.ApplicationContext.log SessionListener: contextInitialized()
15-Nov-2022 08:22:02.556 INFO [main] org.apache.catalina.core.ApplicationContext.log ContextListener: attributeAdded('StockTicker', 'async.Stockticker@15bbf42f')
15-Nov-2022 08:22:53.549 INFO [main] org.apache.catalina.core.ApplicationContext.log SessionListener: contextDestroyed()
15-Nov-2022 08:22:53.549 INFO [main] org.apache.catalina.core.ApplicationContext.log ContextListener: contextDestroyed()
15-Nov-2022 08:22:55.390 INFO [main] org.apache.catalina.core.ApplicationContext.log ContextListener: contextInitialized()
15-Nov-2022 08:22:55.390 INFO [main] org.apache.catalina.core.ApplicationContext.log SessionListener: contextInitialized()
15-Nov-2022 08:22:55.390 INFO [main] org.apache.catalina.core.ApplicationContext.log ContextListener: attributeAdded('StockTicker', 'async.Stockticker@2f8dad04')
15-Nov-2022 08:23:50.404 INFO [main] org.apache.catalina.core.ApplicationContext.log SessionListener: contextDestroyed()
15-Nov-2022 08:23:50.404 INFO [main] org.apache.catalina.core.ApplicationContext.log ContextListener: contextDestroyed()
15-Nov-2022 08:23:51.995 INFO [main] org.apache.catalina.core.ApplicationContext.log ContextListener: contextInitialized()
15-Nov-2022 08:23:51.996 INFO [main] org.apache.catalina.core.ApplicationContext.log SessionListener: contextInitialized()
15-Nov-2022 08:23:51.996 INFO [main] org.apache.catalina.core.ApplicationContext.log ContextListener: attributeAdded('StockTicker', 'async.Stockticker@31e5415e')
15-Nov-2022 08:31:38.151 INFO [main] org.apache.catalina.core.ApplicationContext.log SessionListener: contextDestroyed()
15-Nov-2022 08:31:38.151 INFO [main] org.apache.catalina.core.ApplicationContext.log ContextListener: contextDestroyed()
15-Nov-2022 08:31:39.624 INFO [main] org.apache.catalina.core.ApplicationContext.log ContextListener: contextInitialized()
15-Nov-2022 08:31:39.624 INFO [main] org.apache.catalina.core.ApplicationContext.log SessionListener: contextInitialized()
15-Nov-2022 08:31:39.625 INFO [main] org.apache.catalina.core.ApplicationContext.log ContextListener: attributeAdded('StockTicker', 'async.Stockticker@31e5415e')
15-Nov-2022 08:31:56.388 SEVERE [http-nio-8080-exec-2] org.apache.catalina.core.StandardWrapperValve.invoke Servlet.service() for servlet [jsp] in context with path [/sample] threw exception
	java.io.IOException: An exception occurred processing [/Rhapsody-response.jsp] at line [14]

11: 
12:       <ul>
13:          <li><p><b>Rhapsody Project Name:</b>
14:             <%= mypackage.GetBlockList.BlockList(request.getParameter("rhpProject")) %>
15:          </p></li>
16:       </ul>
17: 


Stacktrace:
		at org.apache.jasper.servlet.JspServletWrapper.service(JspServletWrapper.java:494)
		at org.apache.jasper.servlet.JspServlet.serviceJspFile(JspServlet.java:379)
		at org.apache.jasper.servlet.JspServlet.service(JspServlet.java:327)
		at javax.servlet.http.HttpServlet.service(HttpServlet.java:764)
		at org.apache.catalina.core.ApplicationFilterChain.internalDoFilter(ApplicationFilterChain.java:227)
		at org.apache.catalina.core.ApplicationFilterChain.doFilter(ApplicationFilterChain.java:162)
		at org.apache.tomcat.websocket.server.WsFilter.doFilter(WsFilter.java:53)
		at org.apache.catalina.core.ApplicationFilterChain.internalDoFilter(ApplicationFilterChain.java:189)
		at org.apache.catalina.core.ApplicationFilterChain.doFilter(ApplicationFilterChain.java:162)
		at org.apache.catalina.core.StandardWrapperValve.invoke(StandardWrapperValve.java:197)
		at org.apache.catalina.core.StandardContextValve.invoke(StandardContextValve.java:97)
		at org.apache.catalina.authenticator.AuthenticatorBase.invoke(AuthenticatorBase.java:541)
		at org.apache.catalina.core.StandardHostValve.invoke(StandardHostValve.java:135)
		at org.apache.catalina.valves.ErrorReportValve.invoke(ErrorReportValve.java:92)
		at org.apache.catalina.valves.AbstractAccessLogValve.invoke(AbstractAccessLogValve.java:687)
		at org.apache.catalina.core.StandardEngineValve.invoke(StandardEngineValve.java:78)
		at org.apache.catalina.connector.CoyoteAdapter.service(CoyoteAdapter.java:360)
		at org.apache.coyote.http11.Http11Processor.service(Http11Processor.java:399)
		at org.apache.coyote.AbstractProcessorLight.process(AbstractProcessorLight.java:65)
		at org.apache.coyote.AbstractProtocol$ConnectionHandler.process(AbstractProtocol.java:890)
		at org.apache.tomcat.util.net.NioEndpoint$SocketProcessor.doRun(NioEndpoint.java:1789)
		at org.apache.tomcat.util.net.SocketProcessorBase.run(SocketProcessorBase.java:49)
		at org.apache.tomcat.util.threads.ThreadPoolExecutor.runWorker(ThreadPoolExecutor.java:1191)
		at org.apache.tomcat.util.threads.ThreadPoolExecutor$Worker.run(ThreadPoolExecutor.java:659)
		at org.apache.tomcat.util.threads.TaskThread$WrappingRunnable.run(TaskThread.java:61)
		at java.lang.Thread.run(Thread.java:750)
	Caused by: java.io.IOException: Cannot run program "bash perl /home/parallels/Downloads/scripts/0-listBlocks.pl " + data + ": error=2, No such file or directory
		at java.lang.ProcessBuilder.start(ProcessBuilder.java:1048)
		at java.lang.Runtime.exec(Runtime.java:593)
		at java.lang.Runtime.exec(Runtime.java:458)
		at mypackage.GetBlockList.BlockList(GetBlockList.java:24)
		at org.apache.jsp.Rhapsody_002dresponse_jsp._jspService(Rhapsody_002dresponse_jsp.java:131)
		at org.apache.jasper.runtime.HttpJspBase.service(HttpJspBase.java:70)
		at javax.servlet.http.HttpServlet.service(HttpServlet.java:764)
		at org.apache.jasper.servlet.JspServletWrapper.service(JspServletWrapper.java:466)
		... 25 more
	Caused by: java.io.IOException: error=2, No such file or directory
		at java.lang.UNIXProcess.forkAndExec(Native Method)
		at java.lang.UNIXProcess.<init>(UNIXProcess.java:247)
		at java.lang.ProcessImpl.start(ProcessImpl.java:134)
		at java.lang.ProcessBuilder.start(ProcessBuilder.java:1029)
		... 32 more
15-Nov-2022 08:34:39.596 INFO [main] org.apache.catalina.core.ApplicationContext.log SessionListener: contextDestroyed()
15-Nov-2022 08:34:39.597 INFO [main] org.apache.catalina.core.ApplicationContext.log ContextListener: contextDestroyed()
15-Nov-2022 08:34:41.106 INFO [main] org.apache.catalina.core.ApplicationContext.log ContextListener: contextInitialized()
15-Nov-2022 08:34:41.106 INFO [main] org.apache.catalina.core.ApplicationContext.log SessionListener: contextInitialized()
15-Nov-2022 08:34:41.107 INFO [main] org.apache.catalina.core.ApplicationContext.log ContextListener: attributeAdded('StockTicker', 'async.Stockticker@6c130c45')
15-Nov-2022 08:55:18.773 INFO [main] org.apache.catalina.core.ApplicationContext.log SessionListener: contextDestroyed()
15-Nov-2022 08:55:18.773 INFO [main] org.apache.catalina.core.ApplicationContext.log ContextListener: contextDestroyed()
15-Nov-2022 08:55:21.272 INFO [main] org.apache.catalina.core.ApplicationContext.log ContextListener: contextInitialized()
15-Nov-2022 08:55:21.272 INFO [main] org.apache.catalina.core.ApplicationContext.log SessionListener: contextInitialized()
15-Nov-2022 08:55:21.274 INFO [main] org.apache.catalina.core.ApplicationContext.log ContextListener: attributeAdded('StockTicker', 'async.Stockticker@223aa2f7')
15-Nov-2022 08:57:49.989 INFO [main] org.apache.catalina.core.ApplicationContext.log ContextListener: contextInitialized()
15-Nov-2022 08:57:49.989 INFO [main] org.apache.catalina.core.ApplicationContext.log SessionListener: contextInitialized()
15-Nov-2022 08:57:49.990 INFO [main] org.apache.catalina.core.ApplicationContext.log ContextListener: attributeAdded('StockTicker', 'async.Stockticker@4e096385')
15-Nov-2022 08:57:50.158 INFO [main] org.apache.catalina.core.ApplicationContext.log SessionListener: contextDestroyed()
15-Nov-2022 08:57:50.158 INFO [main] org.apache.catalina.core.ApplicationContext.log ContextListener: contextDestroyed()
15-Nov-2022 08:58:18.030 INFO [main] org.apache.catalina.core.ApplicationContext.log SessionListener: contextDestroyed()
15-Nov-2022 08:58:18.031 INFO [main] org.apache.catalina.core.ApplicationContext.log ContextListener: contextDestroyed()
15-Nov-2022 08:58:20.153 INFO [main] org.apache.catalina.core.ApplicationContext.log ContextListener: contextInitialized()
15-Nov-2022 08:58:20.153 INFO [main] org.apache.catalina.core.ApplicationContext.log SessionListener: contextInitialized()
15-Nov-2022 08:58:20.154 INFO [main] org.apache.catalina.core.ApplicationContext.log ContextListener: attributeAdded('StockTicker', 'async.Stockticker@2accdbb5')
15-Nov-2022 08:59:50.820 INFO [main] org.apache.catalina.core.ApplicationContext.log SessionListener: contextDestroyed()
15-Nov-2022 08:59:50.820 INFO [main] org.apache.catalina.core.ApplicationContext.log ContextListener: contextDestroyed()
15-Nov-2022 08:59:52.492 INFO [main] org.apache.catalina.core.ApplicationContext.log ContextListener: contextInitialized()
15-Nov-2022 08:59:52.492 INFO [main] org.apache.catalina.core.ApplicationContext.log SessionListener: contextInitialized()
15-Nov-2022 08:59:52.492 INFO [main] org.apache.catalina.core.ApplicationContext.log ContextListener: attributeAdded('StockTicker', 'async.Stockticker@5f9b2141')
15-Nov-2022 08:59:53.064 INFO [main] org.apache.catalina.core.ApplicationContext.log SessionListener: contextDestroyed()
15-Nov-2022 08:59:53.064 INFO [main] org.apache.catalina.core.ApplicationContext.log ContextListener: contextDestroyed()
15-Nov-2022 08:59:54.606 INFO [main] org.apache.catalina.core.ApplicationContext.log ContextListener: contextInitialized()
15-Nov-2022 08:59:54.606 INFO [main] org.apache.catalina.core.ApplicationContext.log SessionListener: contextInitialized()
15-Nov-2022 08:59:54.607 INFO [main] org.apache.catalina.core.ApplicationContext.log ContextListener: attributeAdded('StockTicker', 'async.Stockticker@2accdbb5')
15-Nov-2022 09:01:58.168 INFO [main] org.apache.catalina.core.ApplicationContext.log SessionListener: contextDestroyed()
15-Nov-2022 09:01:58.168 INFO [main] org.apache.catalina.core.ApplicationContext.log ContextListener: contextDestroyed()
15-Nov-2022 09:01:59.761 INFO [main] org.apache.catalina.core.ApplicationContext.log ContextListener: contextInitialized()
15-Nov-2022 09:01:59.761 INFO [main] org.apache.catalina.core.ApplicationContext.log SessionListener: contextInitialized()
15-Nov-2022 09:01:59.761 INFO [main] org.apache.catalina.core.ApplicationContext.log ContextListener: attributeAdded('StockTicker', 'async.Stockticker@550ee7e5')
15-Nov-2022 09:03:36.168 INFO [main] org.apache.catalina.core.ApplicationContext.log SessionListener: contextDestroyed()
15-Nov-2022 09:03:36.169 INFO [main] org.apache.catalina.core.ApplicationContext.log ContextListener: contextDestroyed()
15-Nov-2022 09:03:37.582 INFO [main] org.apache.catalina.core.ApplicationContext.log ContextListener: contextInitialized()
15-Nov-2022 09:03:37.582 INFO [main] org.apache.catalina.core.ApplicationContext.log SessionListener: contextInitialized()
15-Nov-2022 09:03:37.583 INFO [main] org.apache.catalina.core.ApplicationContext.log ContextListener: attributeAdded('StockTicker', 'async.Stockticker@2accdbb5')
15-Nov-2022 09:04:56.241 INFO [main] org.apache.catalina.core.ApplicationContext.log SessionListener: contextDestroyed()
15-Nov-2022 09:04:56.245 INFO [main] org.apache.catalina.core.ApplicationContext.log ContextListener: contextDestroyed()
15-Nov-2022 09:04:57.473 INFO [main] org.apache.catalina.core.ApplicationContext.log ContextListener: contextInitialized()
15-Nov-2022 09:04:57.473 INFO [main] org.apache.catalina.core.ApplicationContext.log SessionListener: contextInitialized()
15-Nov-2022 09:04:57.474 INFO [main] org.apache.catalina.core.ApplicationContext.log ContextListener: attributeAdded('StockTicker', 'async.Stockticker@223aa2f7')
15-Nov-2022 09:05:03.815 SEVERE [http-nio-8080-exec-1] org.apache.catalina.core.StandardWrapperValve.invoke Servlet.service() for servlet [jsp] in context with path [/sample] threw exception [An exception occurred processing [Rhapsody-response.jsp] at line [14]

11: 
12:       <ul>
13:          <li><p><b>Rhapsody Project Name:</b>
14:             <%= mypackage.GetBlockList.BlockList(request.getParameter("rhpProject")) %>
15:          </p></li>
16:       </ul>
17: 


Stacktrace:] with root cause
	java.lang.NoSuchMethodError: mypackage.GetBlockList.BlockList(Ljava/lang/String;)Ljava/lang/String;
		at org.apache.jsp.Rhapsody_002dresponse_jsp._jspService(Rhapsody_002dresponse_jsp.java:131)
		at org.apache.jasper.runtime.HttpJspBase.service(HttpJspBase.java:70)
		at javax.servlet.http.HttpServlet.service(HttpServlet.java:764)
		at org.apache.jasper.servlet.JspServletWrapper.service(JspServletWrapper.java:466)
		at org.apache.jasper.servlet.JspServlet.serviceJspFile(JspServlet.java:379)
		at org.apache.jasper.servlet.JspServlet.service(JspServlet.java:327)
		at javax.servlet.http.HttpServlet.service(HttpServlet.java:764)
		at org.apache.catalina.core.ApplicationFilterChain.internalDoFilter(ApplicationFilterChain.java:227)
		at org.apache.catalina.core.ApplicationFilterChain.doFilter(ApplicationFilterChain.java:162)
		at org.apache.tomcat.websocket.server.WsFilter.doFilter(WsFilter.java:53)
		at org.apache.catalina.core.ApplicationFilterChain.internalDoFilter(ApplicationFilterChain.java:189)
		at org.apache.catalina.core.ApplicationFilterChain.doFilter(ApplicationFilterChain.java:162)
		at org.apache.catalina.core.StandardWrapperValve.invoke(StandardWrapperValve.java:197)
		at org.apache.catalina.core.StandardContextValve.invoke(StandardContextValve.java:97)
		at org.apache.catalina.authenticator.AuthenticatorBase.invoke(AuthenticatorBase.java:541)
		at org.apache.catalina.core.StandardHostValve.invoke(StandardHostValve.java:135)
		at org.apache.catalina.valves.ErrorReportValve.invoke(ErrorReportValve.java:92)
		at org.apache.catalina.valves.AbstractAccessLogValve.invoke(AbstractAccessLogValve.java:687)
		at org.apache.catalina.core.StandardEngineValve.invoke(StandardEngineValve.java:78)
		at org.apache.catalina.connector.CoyoteAdapter.service(CoyoteAdapter.java:360)
		at org.apache.coyote.http11.Http11Processor.service(Http11Processor.java:399)
		at org.apache.coyote.AbstractProcessorLight.process(AbstractProcessorLight.java:65)
		at org.apache.coyote.AbstractProtocol$ConnectionHandler.process(AbstractProtocol.java:890)
		at org.apache.tomcat.util.net.NioEndpoint$SocketProcessor.doRun(NioEndpoint.java:1789)
		at org.apache.tomcat.util.net.SocketProcessorBase.run(SocketProcessorBase.java:49)
		at org.apache.tomcat.util.threads.ThreadPoolExecutor.runWorker(ThreadPoolExecutor.java:1191)
		at org.apache.tomcat.util.threads.ThreadPoolExecutor$Worker.run(ThreadPoolExecutor.java:659)
		at org.apache.tomcat.util.threads.TaskThread$WrappingRunnable.run(TaskThread.java:61)
		at java.lang.Thread.run(Thread.java:750)
15-Nov-2022 09:19:39.381 INFO [main] org.apache.catalina.core.ApplicationContext.log SessionListener: contextDestroyed()
15-Nov-2022 09:19:39.381 INFO [main] org.apache.catalina.core.ApplicationContext.log ContextListener: contextDestroyed()
15-Nov-2022 09:19:40.832 INFO [main] org.apache.catalina.core.ApplicationContext.log ContextListener: contextInitialized()
15-Nov-2022 09:19:40.832 INFO [main] org.apache.catalina.core.ApplicationContext.log SessionListener: contextInitialized()
15-Nov-2022 09:19:40.833 INFO [main] org.apache.catalina.core.ApplicationContext.log ContextListener: attributeAdded('StockTicker', 'async.Stockticker@1ba9117e')
15-Nov-2022 09:19:51.808 SEVERE [http-nio-8080-exec-2] org.apache.catalina.core.StandardWrapperValve.invoke Servlet.service() for servlet [jsp] in context with path [/sample] threw exception
	java.io.IOException: An exception occurred processing [/Rhapsody-response.jsp] at line [14]

11: 
12:       <ul>
13:          <li><p><b>Rhapsody Project Name:</b>
14:             <%= mypackage.GetBlockList.BlockList(request.getParameter("rhpProject")) %>
15:          </p></li>
16:       </ul>
17: 


Stacktrace:
		at org.apache.jasper.servlet.JspServletWrapper.service(JspServletWrapper.java:494)
		at org.apache.jasper.servlet.JspServlet.serviceJspFile(JspServlet.java:379)
		at org.apache.jasper.servlet.JspServlet.service(JspServlet.java:327)
		at javax.servlet.http.HttpServlet.service(HttpServlet.java:764)
		at org.apache.catalina.core.ApplicationFilterChain.internalDoFilter(ApplicationFilterChain.java:227)
		at org.apache.catalina.core.ApplicationFilterChain.doFilter(ApplicationFilterChain.java:162)
		at org.apache.tomcat.websocket.server.WsFilter.doFilter(WsFilter.java:53)
		at org.apache.catalina.core.ApplicationFilterChain.internalDoFilter(ApplicationFilterChain.java:189)
		at org.apache.catalina.core.ApplicationFilterChain.doFilter(ApplicationFilterChain.java:162)
		at org.apache.catalina.core.StandardWrapperValve.invoke(StandardWrapperValve.java:197)
		at org.apache.catalina.core.StandardContextValve.invoke(StandardContextValve.java:97)
		at org.apache.catalina.authenticator.AuthenticatorBase.invoke(AuthenticatorBase.java:541)
		at org.apache.catalina.core.StandardHostValve.invoke(StandardHostValve.java:135)
		at org.apache.catalina.valves.ErrorReportValve.invoke(ErrorReportValve.java:92)
		at org.apache.catalina.valves.AbstractAccessLogValve.invoke(AbstractAccessLogValve.java:687)
		at org.apache.catalina.core.StandardEngineValve.invoke(StandardEngineValve.java:78)
		at org.apache.catalina.connector.CoyoteAdapter.service(CoyoteAdapter.java:360)
		at org.apache.coyote.http11.Http11Processor.service(Http11Processor.java:399)
		at org.apache.coyote.AbstractProcessorLight.process(AbstractProcessorLight.java:65)
		at org.apache.coyote.AbstractProtocol$ConnectionHandler.process(AbstractProtocol.java:890)
		at org.apache.tomcat.util.net.NioEndpoint$SocketProcessor.doRun(NioEndpoint.java:1789)
		at org.apache.tomcat.util.net.SocketProcessorBase.run(SocketProcessorBase.java:49)
		at org.apache.tomcat.util.threads.ThreadPoolExecutor.runWorker(ThreadPoolExecutor.java:1191)
		at org.apache.tomcat.util.threads.ThreadPoolExecutor$Worker.run(ThreadPoolExecutor.java:659)
		at org.apache.tomcat.util.threads.TaskThread$WrappingRunnable.run(TaskThread.java:61)
		at java.lang.Thread.run(Thread.java:750)
	Caused by: java.io.IOException: Cannot run program "perl /home/parallels/Downloads/scripts/0-listBlocks.pl ADAS_5": error=2, No such file or directory
		at java.lang.ProcessBuilder.start(ProcessBuilder.java:1048)
		at mypackage.GetBlockList.BlockList(GetBlockList.java:25)
		at org.apache.jsp.Rhapsody_002dresponse_jsp._jspService(Rhapsody_002dresponse_jsp.java:131)
		at org.apache.jasper.runtime.HttpJspBase.service(HttpJspBase.java:70)
		at javax.servlet.http.HttpServlet.service(HttpServlet.java:764)
		at org.apache.jasper.servlet.JspServletWrapper.service(JspServletWrapper.java:466)
		... 25 more
	Caused by: java.io.IOException: error=2, No such file or directory
		at java.lang.UNIXProcess.forkAndExec(Native Method)
		at java.lang.UNIXProcess.<init>(UNIXProcess.java:247)
		at java.lang.ProcessImpl.start(ProcessImpl.java:134)
		at java.lang.ProcessBuilder.start(ProcessBuilder.java:1029)
		... 30 more
15-Nov-2022 09:35:10.366 INFO [main] org.apache.catalina.core.ApplicationContext.log SessionListener: contextDestroyed()
15-Nov-2022 09:35:10.366 INFO [main] org.apache.catalina.core.ApplicationContext.log ContextListener: contextDestroyed()
15-Nov-2022 09:35:11.977 INFO [main] org.apache.catalina.core.ApplicationContext.log ContextListener: contextInitialized()
15-Nov-2022 09:35:11.977 INFO [main] org.apache.catalina.core.ApplicationContext.log SessionListener: contextInitialized()
15-Nov-2022 09:35:11.977 INFO [main] org.apache.catalina.core.ApplicationContext.log ContextListener: attributeAdded('StockTicker', 'async.Stockticker@6d3a388c')
15-Nov-2022 09:35:18.607 SEVERE [http-nio-8080-exec-2] org.apache.catalina.core.StandardWrapperValve.invoke Servlet.service() for servlet [jsp] in context with path [/sample] threw exception [An exception occurred processing [Rhapsody-response.jsp] at line [14]

11: 
12:       <ul>
13:          <li><p><b>Rhapsody Project Name:</b>
14:             <%= mypackage.GetBlockList.BlockList(request.getParameter("rhpProject")) %>
15:          </p></li>
16:       </ul>
17: 


Stacktrace:] with root cause
	java.lang.NoSuchMethodError: mypackage.GetBlockList.BlockList(Ljava/lang/String;)Ljava/lang/String;
		at org.apache.jsp.Rhapsody_002dresponse_jsp._jspService(Rhapsody_002dresponse_jsp.java:131)
		at org.apache.jasper.runtime.HttpJspBase.service(HttpJspBase.java:70)
		at javax.servlet.http.HttpServlet.service(HttpServlet.java:764)
		at org.apache.jasper.servlet.JspServletWrapper.service(JspServletWrapper.java:466)
		at org.apache.jasper.servlet.JspServlet.serviceJspFile(JspServlet.java:379)
		at org.apache.jasper.servlet.JspServlet.service(JspServlet.java:327)
		at javax.servlet.http.HttpServlet.service(HttpServlet.java:764)
		at org.apache.catalina.core.ApplicationFilterChain.internalDoFilter(ApplicationFilterChain.java:227)
		at org.apache.catalina.core.ApplicationFilterChain.doFilter(ApplicationFilterChain.java:162)
		at org.apache.tomcat.websocket.server.WsFilter.doFilter(WsFilter.java:53)
		at org.apache.catalina.core.ApplicationFilterChain.internalDoFilter(ApplicationFilterChain.java:189)
		at org.apache.catalina.core.ApplicationFilterChain.doFilter(ApplicationFilterChain.java:162)
		at org.apache.catalina.core.StandardWrapperValve.invoke(StandardWrapperValve.java:197)
		at org.apache.catalina.core.StandardContextValve.invoke(StandardContextValve.java:97)
		at org.apache.catalina.authenticator.AuthenticatorBase.invoke(AuthenticatorBase.java:541)
		at org.apache.catalina.core.StandardHostValve.invoke(StandardHostValve.java:135)
		at org.apache.catalina.valves.ErrorReportValve.invoke(ErrorReportValve.java:92)
		at org.apache.catalina.valves.AbstractAccessLogValve.invoke(AbstractAccessLogValve.java:687)
		at org.apache.catalina.core.StandardEngineValve.invoke(StandardEngineValve.java:78)
		at org.apache.catalina.connector.CoyoteAdapter.service(CoyoteAdapter.java:360)
		at org.apache.coyote.http11.Http11Processor.service(Http11Processor.java:399)
		at org.apache.coyote.AbstractProcessorLight.process(AbstractProcessorLight.java:65)
		at org.apache.coyote.AbstractProtocol$ConnectionHandler.process(AbstractProtocol.java:890)
		at org.apache.tomcat.util.net.NioEndpoint$SocketProcessor.doRun(NioEndpoint.java:1789)
		at org.apache.tomcat.util.net.SocketProcessorBase.run(SocketProcessorBase.java:49)
		at org.apache.tomcat.util.threads.ThreadPoolExecutor.runWorker(ThreadPoolExecutor.java:1191)
		at org.apache.tomcat.util.threads.ThreadPoolExecutor$Worker.run(ThreadPoolExecutor.java:659)
		at org.apache.tomcat.util.threads.TaskThread$WrappingRunnable.run(TaskThread.java:61)
		at java.lang.Thread.run(Thread.java:750)
15-Nov-2022 09:36:51.428 INFO [main] org.apache.catalina.core.ApplicationContext.log SessionListener: contextDestroyed()
15-Nov-2022 09:36:51.428 INFO [main] org.apache.catalina.core.ApplicationContext.log ContextListener: contextDestroyed()
15-Nov-2022 09:36:52.861 INFO [main] org.apache.catalina.core.ApplicationContext.log ContextListener: contextInitialized()
15-Nov-2022 09:36:52.861 INFO [main] org.apache.catalina.core.ApplicationContext.log SessionListener: contextInitialized()
15-Nov-2022 09:36:52.861 INFO [main] org.apache.catalina.core.ApplicationContext.log ContextListener: attributeAdded('StockTicker', 'async.Stockticker@223aa2f7')
15-Nov-2022 10:03:00.594 INFO [main] org.apache.catalina.core.ApplicationContext.log SessionListener: contextDestroyed()
15-Nov-2022 10:03:00.594 INFO [main] org.apache.catalina.core.ApplicationContext.log ContextListener: contextDestroyed()
15-Nov-2022 10:03:02.762 INFO [main] org.apache.catalina.core.ApplicationContext.log ContextListener: contextInitialized()
15-Nov-2022 10:03:02.762 INFO [main] org.apache.catalina.core.ApplicationContext.log SessionListener: contextInitialized()
15-Nov-2022 10:03:02.762 INFO [main] org.apache.catalina.core.ApplicationContext.log ContextListener: attributeAdded('StockTicker', 'async.Stockticker@5f9b2141')
15-Nov-2022 10:03:18.707 SEVERE [http-nio-8080-exec-2] org.apache.catalina.core.StandardWrapperValve.invoke Servlet.service() for servlet [jsp] in context with path [/sample] threw exception [Unable to compile class for JSP: 

An error occurred at line: [14] in the jsp file: [/Rhapsody-response.jsp]
Cannot make a static reference to the non-static method BlockList(String, HttpServletRequest, HttpServletResponse) from the type GetBlockList
11: 
12:       <ul>
13:          <li><p><b>Rhapsody Project Name:</b>
14:             <%= mypackage.GetBlockList.BlockList(request.getParameter("rhpProject"), request, response) %>
15:          </p></li>
16:       </ul>
17: 


Stacktrace:] with root cause
	org.apache.jasper.JasperException: Unable to compile class for JSP: 

An error occurred at line: [14] in the jsp file: [/Rhapsody-response.jsp]
Cannot make a static reference to the non-static method BlockList(String, HttpServletRequest, HttpServletResponse) from the type GetBlockList
11: 
12:       <ul>
13:          <li><p><b>Rhapsody Project Name:</b>
14:             <%= mypackage.GetBlockList.BlockList(request.getParameter("rhpProject"), request, response) %>
15:          </p></li>
16:       </ul>
17: 


Stacktrace:
		at org.apache.jasper.compiler.DefaultErrorHandler.javacError(DefaultErrorHandler.java:102)
		at org.apache.jasper.compiler.ErrorDispatcher.javacError(ErrorDispatcher.java:213)
		at org.apache.jasper.compiler.JDTCompiler.generateClass(JDTCompiler.java:509)
		at org.apache.jasper.compiler.Compiler.compile(Compiler.java:397)
		at org.apache.jasper.compiler.Compiler.compile(Compiler.java:367)
		at org.apache.jasper.compiler.Compiler.compile(Compiler.java:351)
		at org.apache.jasper.JspCompilationContext.compile(JspCompilationContext.java:605)
		at org.apache.jasper.servlet.JspServletWrapper.service(JspServletWrapper.java:399)
		at org.apache.jasper.servlet.JspServlet.serviceJspFile(JspServlet.java:379)
		at org.apache.jasper.servlet.JspServlet.service(JspServlet.java:327)
		at javax.servlet.http.HttpServlet.service(HttpServlet.java:764)
		at org.apache.catalina.core.ApplicationFilterChain.internalDoFilter(ApplicationFilterChain.java:227)
		at org.apache.catalina.core.ApplicationFilterChain.doFilter(ApplicationFilterChain.java:162)
		at org.apache.tomcat.websocket.server.WsFilter.doFilter(WsFilter.java:53)
		at org.apache.catalina.core.ApplicationFilterChain.internalDoFilter(ApplicationFilterChain.java:189)
		at org.apache.catalina.core.ApplicationFilterChain.doFilter(ApplicationFilterChain.java:162)
		at org.apache.catalina.core.StandardWrapperValve.invoke(StandardWrapperValve.java:197)
		at org.apache.catalina.core.StandardContextValve.invoke(StandardContextValve.java:97)
		at org.apache.catalina.authenticator.AuthenticatorBase.invoke(AuthenticatorBase.java:541)
		at org.apache.catalina.core.StandardHostValve.invoke(StandardHostValve.java:135)
		at org.apache.catalina.valves.ErrorReportValve.invoke(ErrorReportValve.java:92)
		at org.apache.catalina.valves.AbstractAccessLogValve.invoke(AbstractAccessLogValve.java:687)
		at org.apache.catalina.core.StandardEngineValve.invoke(StandardEngineValve.java:78)
		at org.apache.catalina.connector.CoyoteAdapter.service(CoyoteAdapter.java:360)
		at org.apache.coyote.http11.Http11Processor.service(Http11Processor.java:399)
		at org.apache.coyote.AbstractProcessorLight.process(AbstractProcessorLight.java:65)
		at org.apache.coyote.AbstractProtocol$ConnectionHandler.process(AbstractProtocol.java:890)
		at org.apache.tomcat.util.net.NioEndpoint$SocketProcessor.doRun(NioEndpoint.java:1789)
		at org.apache.tomcat.util.net.SocketProcessorBase.run(SocketProcessorBase.java:49)
		at org.apache.tomcat.util.threads.ThreadPoolExecutor.runWorker(ThreadPoolExecutor.java:1191)
		at org.apache.tomcat.util.threads.ThreadPoolExecutor$Worker.run(ThreadPoolExecutor.java:659)
		at org.apache.tomcat.util.threads.TaskThread$WrappingRunnable.run(TaskThread.java:61)
		at java.lang.Thread.run(Thread.java:750)
15-Nov-2022 10:44:51.822 INFO [main] org.apache.catalina.core.ApplicationContext.log SessionListener: contextDestroyed()
15-Nov-2022 10:44:51.822 INFO [main] org.apache.catalina.core.ApplicationContext.log ContextListener: contextDestroyed()
15-Nov-2022 10:44:54.539 INFO [main] org.apache.catalina.core.ApplicationContext.log ContextListener: contextInitialized()
15-Nov-2022 10:44:54.539 INFO [main] org.apache.catalina.core.ApplicationContext.log SessionListener: contextInitialized()
15-Nov-2022 10:44:54.540 INFO [main] org.apache.catalina.core.ApplicationContext.log ContextListener: attributeAdded('StockTicker', 'async.Stockticker@649bec2e')
15-Nov-2022 11:02:58.862 INFO [main] org.apache.catalina.core.ApplicationContext.log SessionListener: contextDestroyed()
15-Nov-2022 11:02:58.862 INFO [main] org.apache.catalina.core.ApplicationContext.log ContextListener: contextDestroyed()
15-Nov-2022 11:03:00.624 INFO [main] org.apache.catalina.core.ApplicationContext.log ContextListener: contextInitialized()
15-Nov-2022 11:03:00.624 INFO [main] org.apache.catalina.core.ApplicationContext.log SessionListener: contextInitialized()
15-Nov-2022 11:03:00.624 INFO [main] org.apache.catalina.core.ApplicationContext.log ContextListener: attributeAdded('StockTicker', 'async.Stockticker@649bec2e')
15-Nov-2022 11:03:54.415 INFO [main] org.apache.catalina.core.ApplicationContext.log SessionListener: contextDestroyed()
15-Nov-2022 11:03:54.416 INFO [main] org.apache.catalina.core.ApplicationContext.log ContextListener: contextDestroyed()
15-Nov-2022 11:03:56.989 INFO [main] org.apache.catalina.core.ApplicationContext.log ContextListener: contextInitialized()
15-Nov-2022 11:03:56.989 INFO [main] org.apache.catalina.core.ApplicationContext.log SessionListener: contextInitialized()
15-Nov-2022 11:03:56.990 INFO [main] org.apache.catalina.core.ApplicationContext.log ContextListener: attributeAdded('StockTicker', 'async.Stockticker@29e495ff')
15-Nov-2022 11:03:57.961 INFO [main] org.apache.catalina.core.ApplicationContext.log SessionListener: contextDestroyed()
15-Nov-2022 11:03:57.961 INFO [main] org.apache.catalina.core.ApplicationContext.log ContextListener: contextDestroyed()
15-Nov-2022 11:03:59.744 INFO [main] org.apache.catalina.core.ApplicationContext.log ContextListener: contextInitialized()
15-Nov-2022 11:03:59.745 INFO [main] org.apache.catalina.core.ApplicationContext.log SessionListener: contextInitialized()
15-Nov-2022 11:03:59.745 INFO [main] org.apache.catalina.core.ApplicationContext.log ContextListener: attributeAdded('StockTicker', 'async.Stockticker@29e495ff')
15-Nov-2022 11:06:55.412 INFO [main] org.apache.catalina.core.ApplicationContext.log SessionListener: contextDestroyed()
15-Nov-2022 11:06:55.412 INFO [main] org.apache.catalina.core.ApplicationContext.log ContextListener: contextDestroyed()
15-Nov-2022 11:06:57.571 INFO [main] org.apache.catalina.core.ApplicationContext.log ContextListener: contextInitialized()
15-Nov-2022 11:06:57.571 INFO [main] org.apache.catalina.core.ApplicationContext.log SessionListener: contextInitialized()
15-Nov-2022 11:06:57.572 INFO [main] org.apache.catalina.core.ApplicationContext.log ContextListener: attributeAdded('StockTicker', 'async.Stockticker@29e495ff')
15-Nov-2022 11:11:39.439 INFO [main] org.apache.catalina.core.ApplicationContext.log SessionListener: contextDestroyed()
15-Nov-2022 11:11:39.439 INFO [main] org.apache.catalina.core.ApplicationContext.log ContextListener: contextDestroyed()
15-Nov-2022 11:11:41.564 INFO [main] org.apache.catalina.core.ApplicationContext.log ContextListener: contextInitialized()
15-Nov-2022 11:11:41.564 INFO [main] org.apache.catalina.core.ApplicationContext.log SessionListener: contextInitialized()
15-Nov-2022 11:11:41.565 INFO [main] org.apache.catalina.core.ApplicationContext.log ContextListener: attributeAdded('StockTicker', 'async.Stockticker@29e495ff')
15-Nov-2022 15:27:36.778 INFO [main] org.apache.catalina.core.ApplicationContext.log SessionListener: contextDestroyed()
15-Nov-2022 15:27:36.779 INFO [main] org.apache.catalina.core.ApplicationContext.log ContextListener: contextDestroyed()
15-Nov-2022 15:27:38.554 INFO [main] org.apache.catalina.core.ApplicationContext.log ContextListener: contextInitialized()
15-Nov-2022 15:27:38.554 INFO [main] org.apache.catalina.core.ApplicationContext.log SessionListener: contextInitialized()
15-Nov-2022 15:27:38.554 INFO [main] org.apache.catalina.core.ApplicationContext.log ContextListener: attributeAdded('StockTicker', 'async.Stockticker@693fe6c9')
15-Nov-2022 15:29:03.448 INFO [main] org.apache.catalina.core.ApplicationContext.log ContextListener: contextInitialized()
15-Nov-2022 15:29:03.449 INFO [main] org.apache.catalina.core.ApplicationContext.log SessionListener: contextInitialized()
15-Nov-2022 15:29:03.449 INFO [main] org.apache.catalina.core.ApplicationContext.log ContextListener: attributeAdded('StockTicker', 'async.Stockticker@2accdbb5')
15-Nov-2022 15:29:03.492 INFO [main] org.apache.catalina.core.ApplicationContext.log SessionListener: contextDestroyed()
15-Nov-2022 15:29:03.492 INFO [main] org.apache.catalina.core.ApplicationContext.log ContextListener: contextDestroyed()
15-Nov-2022 15:29:03.735 INFO [main] org.apache.catalina.core.ApplicationContext.log SessionListener: contextDestroyed()
15-Nov-2022 15:29:03.735 INFO [main] org.apache.catalina.core.ApplicationContext.log ContextListener: contextDestroyed()
15-Nov-2022 15:29:05.662 INFO [main] org.apache.catalina.core.ApplicationContext.log ContextListener: contextInitialized()
15-Nov-2022 15:29:05.662 INFO [main] org.apache.catalina.core.ApplicationContext.log SessionListener: contextInitialized()
15-Nov-2022 15:29:05.663 INFO [main] org.apache.catalina.core.ApplicationContext.log ContextListener: attributeAdded('StockTicker', 'async.Stockticker@1ba9117e')
15-Nov-2022 15:31:23.882 INFO [main] org.apache.catalina.core.ApplicationContext.log SessionListener: contextDestroyed()
15-Nov-2022 15:31:23.882 INFO [main] org.apache.catalina.core.ApplicationContext.log ContextListener: contextDestroyed()
15-Nov-2022 15:31:26.095 INFO [main] org.apache.catalina.core.ApplicationContext.log ContextListener: contextInitialized()
15-Nov-2022 15:31:26.095 INFO [main] org.apache.catalina.core.ApplicationContext.log SessionListener: contextInitialized()
15-Nov-2022 15:31:26.095 INFO [main] org.apache.catalina.core.ApplicationContext.log ContextListener: attributeAdded('StockTicker', 'async.Stockticker@1a4013')
15-Nov-2022 15:34:58.964 INFO [main] org.apache.catalina.core.ApplicationContext.log SessionListener: contextDestroyed()
15-Nov-2022 15:34:58.964 INFO [main] org.apache.catalina.core.ApplicationContext.log ContextListener: contextDestroyed()
15-Nov-2022 15:35:02.486 INFO [main] org.apache.catalina.core.ApplicationContext.log ContextListener: contextInitialized()
15-Nov-2022 15:35:02.486 INFO [main] org.apache.catalina.core.ApplicationContext.log SessionListener: contextInitialized()
15-Nov-2022 15:35:02.488 INFO [main] org.apache.catalina.core.ApplicationContext.log ContextListener: attributeAdded('StockTicker', 'async.Stockticker@1ba9117e')
15-Nov-2022 15:45:30.360 INFO [main] org.apache.catalina.core.ApplicationContext.log SessionListener: contextDestroyed()
15-Nov-2022 15:45:30.362 INFO [main] org.apache.catalina.core.ApplicationContext.log ContextListener: contextDestroyed()
15-Nov-2022 15:45:32.136 INFO [main] org.apache.catalina.core.ApplicationContext.log ContextListener: contextInitialized()
15-Nov-2022 15:45:32.136 INFO [main] org.apache.catalina.core.ApplicationContext.log SessionListener: contextInitialized()
15-Nov-2022 15:45:32.139 INFO [main] org.apache.catalina.core.ApplicationContext.log ContextListener: attributeAdded('StockTicker', 'async.Stockticker@1cbb87f3')
15-Nov-2022 15:47:44.600 INFO [main] org.apache.catalina.core.ApplicationContext.log SessionListener: contextDestroyed()
15-Nov-2022 15:47:44.600 INFO [main] org.apache.catalina.core.ApplicationContext.log ContextListener: contextDestroyed()
15-Nov-2022 15:47:46.284 INFO [main] org.apache.catalina.core.ApplicationContext.log ContextListener: contextInitialized()
15-Nov-2022 15:47:46.284 INFO [main] org.apache.catalina.core.ApplicationContext.log SessionListener: contextInitialized()
15-Nov-2022 15:47:46.284 INFO [main] org.apache.catalina.core.ApplicationContext.log ContextListener: attributeAdded('StockTicker', 'async.Stockticker@272ed83b')
15-Nov-2022 16:38:57.224 INFO [main] org.apache.catalina.core.ApplicationContext.log SessionListener: contextDestroyed()
15-Nov-2022 16:38:57.225 INFO [main] org.apache.catalina.core.ApplicationContext.log ContextListener: contextDestroyed()
15-Nov-2022 16:38:59.149 INFO [main] org.apache.catalina.core.ApplicationContext.log ContextListener: contextInitialized()
15-Nov-2022 16:38:59.149 INFO [main] org.apache.catalina.core.ApplicationContext.log SessionListener: contextInitialized()
15-Nov-2022 16:38:59.149 INFO [main] org.apache.catalina.core.ApplicationContext.log ContextListener: attributeAdded('StockTicker', 'async.Stockticker@5f9b2141')
15-Nov-2022 16:46:54.317 INFO [main] org.apache.catalina.core.ApplicationContext.log SessionListener: contextDestroyed()
15-Nov-2022 16:46:54.318 INFO [main] org.apache.catalina.core.ApplicationContext.log ContextListener: contextDestroyed()
15-Nov-2022 16:46:56.973 INFO [main] org.apache.catalina.core.ApplicationContext.log ContextListener: contextInitialized()
15-Nov-2022 16:46:56.974 INFO [main] org.apache.catalina.core.ApplicationContext.log SessionListener: contextInitialized()
15-Nov-2022 16:46:56.974 INFO [main] org.apache.catalina.core.ApplicationContext.log ContextListener: attributeAdded('StockTicker', 'async.Stockticker@247d8ae')
15-Nov-2022 16:56:12.561 INFO [main] org.apache.catalina.core.ApplicationContext.log ContextListener: contextInitialized()
15-Nov-2022 16:56:12.562 INFO [main] org.apache.catalina.core.ApplicationContext.log SessionListener: contextInitialized()
15-Nov-2022 16:56:12.562 INFO [main] org.apache.catalina.core.ApplicationContext.log ContextListener: attributeAdded('StockTicker', 'async.Stockticker@4944252c')
15-Nov-2022 16:56:12.592 INFO [main] org.apache.catalina.core.ApplicationContext.log SessionListener: contextDestroyed()
15-Nov-2022 16:56:12.592 INFO [main] org.apache.catalina.core.ApplicationContext.log ContextListener: contextDestroyed()
15-Nov-2022 16:57:24.037 INFO [main] org.apache.catalina.core.ApplicationContext.log SessionListener: contextDestroyed()
15-Nov-2022 16:57:24.037 INFO [main] org.apache.catalina.core.ApplicationContext.log ContextListener: contextDestroyed()
15-Nov-2022 16:57:26.778 INFO [main] org.apache.catalina.core.ApplicationContext.log ContextListener: contextInitialized()
15-Nov-2022 16:57:26.778 INFO [main] org.apache.catalina.core.ApplicationContext.log SessionListener: contextInitialized()
15-Nov-2022 16:57:26.778 INFO [main] org.apache.catalina.core.ApplicationContext.log ContextListener: attributeAdded('StockTicker', 'async.Stockticker@41fecb8b')
15-Nov-2022 17:05:30.843 INFO [main] org.apache.catalina.core.ApplicationContext.log SessionListener: contextDestroyed()
15-Nov-2022 17:05:30.843 INFO [main] org.apache.catalina.core.ApplicationContext.log ContextListener: contextDestroyed()
15-Nov-2022 17:05:49.306 INFO [main] org.apache.catalina.core.ApplicationContext.log ContextListener: contextInitialized()
15-Nov-2022 17:05:49.306 INFO [main] org.apache.catalina.core.ApplicationContext.log SessionListener: contextInitialized()
15-Nov-2022 17:05:49.306 INFO [main] org.apache.catalina.core.ApplicationContext.log ContextListener: attributeAdded('StockTicker', 'async.Stockticker@50ad3bc1')
15-Nov-2022 17:17:07.982 INFO [main] org.apache.catalina.core.ApplicationContext.log SessionListener: contextDestroyed()
15-Nov-2022 17:17:07.982 INFO [main] org.apache.catalina.core.ApplicationContext.log ContextListener: contextDestroyed()
15-Nov-2022 17:17:10.925 INFO [main] org.apache.catalina.core.ApplicationContext.log ContextListener: contextInitialized()
15-Nov-2022 17:17:10.926 INFO [main] org.apache.catalina.core.ApplicationContext.log SessionListener: contextInitialized()
15-Nov-2022 17:17:10.926 INFO [main] org.apache.catalina.core.ApplicationContext.log ContextListener: attributeAdded('StockTicker', 'async.Stockticker@6c130c45')
15-Nov-2022 17:21:12.820 INFO [main] org.apache.catalina.core.ApplicationContext.log SessionListener: contextDestroyed()
15-Nov-2022 17:21:12.820 INFO [main] org.apache.catalina.core.ApplicationContext.log ContextListener: contextDestroyed()
15-Nov-2022 17:21:18.638 INFO [main] org.apache.catalina.core.ApplicationContext.log ContextListener: contextInitialized()
15-Nov-2022 17:21:18.638 INFO [main] org.apache.catalina.core.ApplicationContext.log SessionListener: contextInitialized()
15-Nov-2022 17:21:18.639 INFO [main] org.apache.catalina.core.ApplicationContext.log ContextListener: attributeAdded('StockTicker', 'async.Stockticker@625732')
15-Nov-2022 17:25:21.411 INFO [main] org.apache.catalina.core.ApplicationContext.log SessionListener: contextDestroyed()
15-Nov-2022 17:25:21.411 INFO [main] org.apache.catalina.core.ApplicationContext.log ContextListener: contextDestroyed()
15-Nov-2022 17:25:26.324 INFO [main] org.apache.catalina.core.ApplicationContext.log ContextListener: contextInitialized()
15-Nov-2022 17:25:26.324 INFO [main] org.apache.catalina.core.ApplicationContext.log SessionListener: contextInitialized()
15-Nov-2022 17:25:26.324 INFO [main] org.apache.catalina.core.ApplicationContext.log ContextListener: attributeAdded('StockTicker', 'async.Stockticker@120f102b')
15-Nov-2022 17:27:28.185 INFO [main] org.apache.catalina.core.ApplicationContext.log SessionListener: contextDestroyed()
15-Nov-2022 17:27:28.185 INFO [main] org.apache.catalina.core.ApplicationContext.log ContextListener: contextDestroyed()
15-Nov-2022 17:27:30.272 INFO [main] org.apache.catalina.core.ApplicationContext.log ContextListener: contextInitialized()
15-Nov-2022 17:27:30.272 INFO [main] org.apache.catalina.core.ApplicationContext.log SessionListener: contextInitialized()
15-Nov-2022 17:27:30.273 INFO [main] org.apache.catalina.core.ApplicationContext.log ContextListener: attributeAdded('StockTicker', 'async.Stockticker@625732')
15-Nov-2022 17:29:11.660 INFO [main] org.apache.catalina.core.ApplicationContext.log SessionListener: contextDestroyed()
15-Nov-2022 17:29:11.661 INFO [main] org.apache.catalina.core.ApplicationContext.log ContextListener: contextDestroyed()
15-Nov-2022 17:29:13.694 INFO [main] org.apache.catalina.core.ApplicationContext.log ContextListener: contextInitialized()
15-Nov-2022 17:29:13.694 INFO [main] org.apache.catalina.core.ApplicationContext.log SessionListener: contextInitialized()
15-Nov-2022 17:29:13.695 INFO [main] org.apache.catalina.core.ApplicationContext.log ContextListener: attributeAdded('StockTicker', 'async.Stockticker@4944252c')
15-Nov-2022 17:31:51.118 INFO [main] org.apache.catalina.core.ApplicationContext.log SessionListener: contextDestroyed()
15-Nov-2022 17:31:51.118 INFO [main] org.apache.catalina.core.ApplicationContext.log ContextListener: contextDestroyed()
15-Nov-2022 17:31:53.086 INFO [main] org.apache.catalina.core.ApplicationContext.log ContextListener: contextInitialized()
15-Nov-2022 17:31:53.086 INFO [main] org.apache.catalina.core.ApplicationContext.log SessionListener: contextInitialized()
15-Nov-2022 17:31:53.087 INFO [main] org.apache.catalina.core.ApplicationContext.log ContextListener: attributeAdded('StockTicker', 'async.Stockticker@6c130c45')
15-Nov-2022 17:34:00.346 INFO [main] org.apache.catalina.core.ApplicationContext.log SessionListener: contextDestroyed()
15-Nov-2022 17:34:00.346 INFO [main] org.apache.catalina.core.ApplicationContext.log ContextListener: contextDestroyed()
15-Nov-2022 17:34:02.058 INFO [main] org.apache.catalina.core.ApplicationContext.log ContextListener: contextInitialized()
15-Nov-2022 17:34:02.058 INFO [main] org.apache.catalina.core.ApplicationContext.log SessionListener: contextInitialized()
15-Nov-2022 17:34:02.059 INFO [main] org.apache.catalina.core.ApplicationContext.log ContextListener: attributeAdded('StockTicker', 'async.Stockticker@6c130c45')
15-Nov-2022 17:38:37.545 INFO [main] org.apache.catalina.core.ApplicationContext.log SessionListener: contextDestroyed()
15-Nov-2022 17:38:37.545 INFO [main] org.apache.catalina.core.ApplicationContext.log ContextListener: contextDestroyed()
15-Nov-2022 17:38:39.386 INFO [main] org.apache.catalina.core.ApplicationContext.log ContextListener: contextInitialized()
15-Nov-2022 17:38:39.387 INFO [main] org.apache.catalina.core.ApplicationContext.log SessionListener: contextInitialized()
15-Nov-2022 17:38:39.388 INFO [main] org.apache.catalina.core.ApplicationContext.log ContextListener: attributeAdded('StockTicker', 'async.Stockticker@6c130c45')
15-Nov-2022 17:38:50.455 SEVERE [http-nio-8080-exec-3] org.apache.catalina.core.StandardWrapperValve.invoke Servlet.service() for servlet [runSCM] in context with path [/sample] threw exception [Servlet execution threw an exception] with root cause
	java.lang.Error: Unresolved compilation problem: 
	The method eqauls(String) is undefined for the type String

		at mypackage.runSCM.doGet(runSCM.java:52)
		at javax.servlet.http.HttpServlet.service(HttpServlet.java:655)
		at javax.servlet.http.HttpServlet.service(HttpServlet.java:764)
		at org.apache.catalina.core.ApplicationFilterChain.internalDoFilter(ApplicationFilterChain.java:227)
		at org.apache.catalina.core.ApplicationFilterChain.doFilter(ApplicationFilterChain.java:162)
		at org.apache.tomcat.websocket.server.WsFilter.doFilter(WsFilter.java:53)
		at org.apache.catalina.core.ApplicationFilterChain.internalDoFilter(ApplicationFilterChain.java:189)
		at org.apache.catalina.core.ApplicationFilterChain.doFilter(ApplicationFilterChain.java:162)
		at org.apache.catalina.core.StandardWrapperValve.invoke(StandardWrapperValve.java:197)
		at org.apache.catalina.core.StandardContextValve.invoke(StandardContextValve.java:97)
		at org.apache.catalina.authenticator.AuthenticatorBase.invoke(AuthenticatorBase.java:541)
		at org.apache.catalina.core.StandardHostValve.invoke(StandardHostValve.java:135)
		at org.apache.catalina.valves.ErrorReportValve.invoke(ErrorReportValve.java:92)
		at org.apache.catalina.valves.AbstractAccessLogValve.invoke(AbstractAccessLogValve.java:687)
		at org.apache.catalina.core.StandardEngineValve.invoke(StandardEngineValve.java:78)
		at org.apache.catalina.connector.CoyoteAdapter.service(CoyoteAdapter.java:360)
		at org.apache.coyote.http11.Http11Processor.service(Http11Processor.java:399)
		at org.apache.coyote.AbstractProcessorLight.process(AbstractProcessorLight.java:65)
		at org.apache.coyote.AbstractProtocol$ConnectionHandler.process(AbstractProtocol.java:890)
		at org.apache.tomcat.util.net.NioEndpoint$SocketProcessor.doRun(NioEndpoint.java:1789)
		at org.apache.tomcat.util.net.SocketProcessorBase.run(SocketProcessorBase.java:49)
		at org.apache.tomcat.util.threads.ThreadPoolExecutor.runWorker(ThreadPoolExecutor.java:1191)
		at org.apache.tomcat.util.threads.ThreadPoolExecutor$Worker.run(ThreadPoolExecutor.java:659)
		at org.apache.tomcat.util.threads.TaskThread$WrappingRunnable.run(TaskThread.java:61)
		at java.lang.Thread.run(Thread.java:750)
15-Nov-2022 17:40:02.978 SEVERE [http-nio-8080-exec-4] org.apache.catalina.core.StandardWrapperValve.invoke Servlet.service() for servlet [runSCM] in context with path [/sample] threw exception [Servlet execution threw an exception] with root cause
	java.lang.Error: Unresolved compilation problem: 
	The method eqauls(String) is undefined for the type String

		at mypackage.runSCM.doGet(runSCM.java:52)
		at javax.servlet.http.HttpServlet.service(HttpServlet.java:655)
		at javax.servlet.http.HttpServlet.service(HttpServlet.java:764)
		at org.apache.catalina.core.ApplicationFilterChain.internalDoFilter(ApplicationFilterChain.java:227)
		at org.apache.catalina.core.ApplicationFilterChain.doFilter(ApplicationFilterChain.java:162)
		at org.apache.tomcat.websocket.server.WsFilter.doFilter(WsFilter.java:53)
		at org.apache.catalina.core.ApplicationFilterChain.internalDoFilter(ApplicationFilterChain.java:189)
		at org.apache.catalina.core.ApplicationFilterChain.doFilter(ApplicationFilterChain.java:162)
		at org.apache.catalina.core.StandardWrapperValve.invoke(StandardWrapperValve.java:197)
		at org.apache.catalina.core.StandardContextValve.invoke(StandardContextValve.java:97)
		at org.apache.catalina.authenticator.AuthenticatorBase.invoke(AuthenticatorBase.java:541)
		at org.apache.catalina.core.StandardHostValve.invoke(StandardHostValve.java:135)
		at org.apache.catalina.valves.ErrorReportValve.invoke(ErrorReportValve.java:92)
		at org.apache.catalina.valves.AbstractAccessLogValve.invoke(AbstractAccessLogValve.java:687)
		at org.apache.catalina.core.StandardEngineValve.invoke(StandardEngineValve.java:78)
		at org.apache.catalina.connector.CoyoteAdapter.service(CoyoteAdapter.java:360)
		at org.apache.coyote.http11.Http11Processor.service(Http11Processor.java:399)
		at org.apache.coyote.AbstractProcessorLight.process(AbstractProcessorLight.java:65)
		at org.apache.coyote.AbstractProtocol$ConnectionHandler.process(AbstractProtocol.java:890)
		at org.apache.tomcat.util.net.NioEndpoint$SocketProcessor.doRun(NioEndpoint.java:1789)
		at org.apache.tomcat.util.net.SocketProcessorBase.run(SocketProcessorBase.java:49)
		at org.apache.tomcat.util.threads.ThreadPoolExecutor.runWorker(ThreadPoolExecutor.java:1191)
		at org.apache.tomcat.util.threads.ThreadPoolExecutor$Worker.run(ThreadPoolExecutor.java:659)
		at org.apache.tomcat.util.threads.TaskThread$WrappingRunnable.run(TaskThread.java:61)
		at java.lang.Thread.run(Thread.java:750)
15-Nov-2022 17:40:23.254 INFO [main] org.apache.catalina.core.ApplicationContext.log SessionListener: contextDestroyed()
15-Nov-2022 17:40:23.254 INFO [main] org.apache.catalina.core.ApplicationContext.log ContextListener: contextDestroyed()
15-Nov-2022 17:40:25.232 INFO [main] org.apache.catalina.core.ApplicationContext.log ContextListener: contextInitialized()
15-Nov-2022 17:40:25.232 INFO [main] org.apache.catalina.core.ApplicationContext.log SessionListener: contextInitialized()
15-Nov-2022 17:40:25.232 INFO [main] org.apache.catalina.core.ApplicationContext.log ContextListener: attributeAdded('StockTicker', 'async.Stockticker@6c130c45')
15-Nov-2022 17:43:37.398 INFO [main] org.apache.catalina.core.ApplicationContext.log SessionListener: contextDestroyed()
15-Nov-2022 17:43:37.398 INFO [main] org.apache.catalina.core.ApplicationContext.log ContextListener: contextDestroyed()
15-Nov-2022 17:43:39.114 INFO [main] org.apache.catalina.core.ApplicationContext.log ContextListener: contextInitialized()
15-Nov-2022 17:43:39.114 INFO [main] org.apache.catalina.core.ApplicationContext.log SessionListener: contextInitialized()
15-Nov-2022 17:43:39.117 INFO [main] org.apache.catalina.core.ApplicationContext.log ContextListener: attributeAdded('StockTicker', 'async.Stockticker@625732')
